 INFO main - 2021-08-31 16:59:35.952; - devpinoyLogger [mainhread] - Navigating to https://accounts.zoho.com/signin?servicename=ZohoHome&signupurl=https://www.zoho.com/signup.html&serviceurl=https://www.zoho.com/all-products.html&ireft=nhome&src=all-products-header
DEBUG main - 2021-08-31 17:00:10.518; - freemarker.cache [mainhread] - Couldn't find template in cache for "spark/test.ftl"("en", UTF-8, parsed); will try to load it.
DEBUG main - 2021-08-31 17:00:10.519; - freemarker.cache [mainhread] - TemplateLoader.findTemplateSource("spark/test_en.ftl"): Not found
DEBUG main - 2021-08-31 17:00:10.523; - freemarker.cache [mainhread] - TemplateLoader.findTemplateSource("spark/test.ftl"): Found
DEBUG main - 2021-08-31 17:00:10.523; - freemarker.cache [mainhread] - Loading template for "spark/test.ftl"("en", UTF-8, parsed) from "jar:file:/C:/Windows/system32/config/systemprofile/.m2/repository/com/aventstack/extentreports/4.0.9/extentreports-4.0.9.jar!/com/aventstack/extentreports/view/spark/test.ftl"
DEBUG main - 2021-08-31 17:00:10.700; - freemarker.cache [mainhread] - Couldn't find template in cache for "commons/commons-variables.ftl"("en", UTF-8, parsed); will try to load it.
DEBUG main - 2021-08-31 17:00:10.700; - freemarker.cache [mainhread] - TemplateLoader.findTemplateSource("commons/commons-variables_en.ftl"): Not found
DEBUG main - 2021-08-31 17:00:10.701; - freemarker.cache [mainhread] - TemplateLoader.findTemplateSource("commons/commons-variables.ftl"): Found
DEBUG main - 2021-08-31 17:00:10.701; - freemarker.cache [mainhread] - Loading template for "commons/commons-variables.ftl"("en", UTF-8, parsed) from "jar:file:/C:/Windows/system32/config/systemprofile/.m2/repository/com/aventstack/extentreports/4.0.9/extentreports-4.0.9.jar!/com/aventstack/extentreports/view/commons/commons-variables.ftl"
DEBUG main - 2021-08-31 17:00:10.760; - freemarker.cache [mainhread] - Couldn't find template in cache for "commons/commons-macros.ftl"("en", UTF-8, parsed); will try to load it.
DEBUG main - 2021-08-31 17:00:10.761; - freemarker.cache [mainhread] - TemplateLoader.findTemplateSource("commons/commons-macros_en.ftl"): Not found
DEBUG main - 2021-08-31 17:00:10.761; - freemarker.cache [mainhread] - TemplateLoader.findTemplateSource("commons/commons-macros.ftl"): Found
DEBUG main - 2021-08-31 17:00:10.762; - freemarker.cache [mainhread] - Loading template for "commons/commons-macros.ftl"("en", UTF-8, parsed) from "jar:file:/C:/Windows/system32/config/systemprofile/.m2/repository/com/aventstack/extentreports/4.0.9/extentreports-4.0.9.jar!/com/aventstack/extentreports/view/commons/commons-macros.ftl"
DEBUG main - 2021-08-31 17:00:10.771; - freemarker.cache [mainhread] - Couldn't find template in cache for "spark/macros/attributes.ftl"("en", UTF-8, parsed); will try to load it.
DEBUG main - 2021-08-31 17:00:10.772; - freemarker.cache [mainhread] - TemplateLoader.findTemplateSource("spark/macros/attributes_en.ftl"): Not found
DEBUG main - 2021-08-31 17:00:10.774; - freemarker.cache [mainhread] - TemplateLoader.findTemplateSource("spark/macros/attributes.ftl"): Found
DEBUG main - 2021-08-31 17:00:10.776; - freemarker.cache [mainhread] - Loading template for "spark/macros/attributes.ftl"("en", UTF-8, parsed) from "jar:file:/C:/Windows/system32/config/systemprofile/.m2/repository/com/aventstack/extentreports/4.0.9/extentreports-4.0.9.jar!/com/aventstack/extentreports/view/spark/macros/attributes.ftl"
DEBUG main - 2021-08-31 17:00:10.778; - freemarker.cache [mainhread] - Couldn't find template in cache for "spark/macros/log.ftl"("en", UTF-8, parsed); will try to load it.
DEBUG main - 2021-08-31 17:00:10.779; - freemarker.cache [mainhread] - TemplateLoader.findTemplateSource("spark/macros/log_en.ftl"): Not found
DEBUG main - 2021-08-31 17:00:10.779; - freemarker.cache [mainhread] - TemplateLoader.findTemplateSource("spark/macros/log.ftl"): Found
DEBUG main - 2021-08-31 17:00:10.780; - freemarker.cache [mainhread] - Loading template for "spark/macros/log.ftl"("en", UTF-8, parsed) from "jar:file:/C:/Windows/system32/config/systemprofile/.m2/repository/com/aventstack/extentreports/4.0.9/extentreports-4.0.9.jar!/com/aventstack/extentreports/view/spark/macros/log.ftl"
DEBUG main - 2021-08-31 17:00:10.782; - freemarker.cache [mainhread] - Couldn't find template in cache for "spark/macros/recurse_nodes.ftl"("en", UTF-8, parsed); will try to load it.
DEBUG main - 2021-08-31 17:00:10.783; - freemarker.cache [mainhread] - TemplateLoader.findTemplateSource("spark/macros/recurse_nodes_en.ftl"): Not found
DEBUG main - 2021-08-31 17:00:10.784; - freemarker.cache [mainhread] - TemplateLoader.findTemplateSource("spark/macros/recurse_nodes.ftl"): Found
DEBUG main - 2021-08-31 17:00:10.784; - freemarker.cache [mainhread] - Loading template for "spark/macros/recurse_nodes.ftl"("en", UTF-8, parsed) from "jar:file:/C:/Windows/system32/config/systemprofile/.m2/repository/com/aventstack/extentreports/4.0.9/extentreports-4.0.9.jar!/com/aventstack/extentreports/view/spark/macros/recurse_nodes.ftl"
DEBUG main - 2021-08-31 17:00:10.787; - freemarker.cache [mainhread] - "spark/macros/log.ftl"("en", UTF-8, parsed) cached copy not yet stale; using cached.
DEBUG main - 2021-08-31 17:00:10.796; - freemarker.cache [mainhread] - Couldn't find template in cache for "spark/partials/head.ftl"("en", UTF-8, parsed); will try to load it.
DEBUG main - 2021-08-31 17:00:10.797; - freemarker.cache [mainhread] - TemplateLoader.findTemplateSource("spark/partials/head_en.ftl"): Not found
DEBUG main - 2021-08-31 17:00:10.798; - freemarker.cache [mainhread] - TemplateLoader.findTemplateSource("spark/partials/head.ftl"): Found
DEBUG main - 2021-08-31 17:00:10.798; - freemarker.cache [mainhread] - Loading template for "spark/partials/head.ftl"("en", UTF-8, parsed) from "jar:file:/C:/Windows/system32/config/systemprofile/.m2/repository/com/aventstack/extentreports/4.0.9/extentreports-4.0.9.jar!/com/aventstack/extentreports/view/spark/partials/head.ftl"
DEBUG main - 2021-08-31 17:00:10.800; - freemarker.cache [mainhread] - Couldn't find template in cache for "commons/commons-inject-css.ftl"("en", UTF-8, parsed); will try to load it.
DEBUG main - 2021-08-31 17:00:10.801; - freemarker.cache [mainhread] - TemplateLoader.findTemplateSource("commons/commons-inject-css_en.ftl"): Not found
DEBUG main - 2021-08-31 17:00:10.802; - freemarker.cache [mainhread] - TemplateLoader.findTemplateSource("commons/commons-inject-css.ftl"): Found
DEBUG main - 2021-08-31 17:00:10.803; - freemarker.cache [mainhread] - Loading template for "commons/commons-inject-css.ftl"("en", UTF-8, parsed) from "jar:file:/C:/Windows/system32/config/systemprofile/.m2/repository/com/aventstack/extentreports/4.0.9/extentreports-4.0.9.jar!/com/aventstack/extentreports/view/commons/commons-inject-css.ftl"
DEBUG main - 2021-08-31 17:00:10.804; - freemarker.cache [mainhread] - Couldn't find template in cache for "spark/partials/navbar.ftl"("en", UTF-8, parsed); will try to load it.
DEBUG main - 2021-08-31 17:00:10.805; - freemarker.cache [mainhread] - TemplateLoader.findTemplateSource("spark/partials/navbar_en.ftl"): Not found
DEBUG main - 2021-08-31 17:00:10.807; - freemarker.cache [mainhread] - TemplateLoader.findTemplateSource("spark/partials/navbar.ftl"): Found
DEBUG main - 2021-08-31 17:00:10.807; - freemarker.cache [mainhread] - Loading template for "spark/partials/navbar.ftl"("en", UTF-8, parsed) from "jar:file:/C:/Windows/system32/config/systemprofile/.m2/repository/com/aventstack/extentreports/4.0.9/extentreports-4.0.9.jar!/com/aventstack/extentreports/view/spark/partials/navbar.ftl"
DEBUG main - 2021-08-31 17:00:10.815; - freemarker.cache [mainhread] - Couldn't find template in cache for "spark/partials/sidenav.ftl"("en", UTF-8, parsed); will try to load it.
DEBUG main - 2021-08-31 17:00:10.816; - freemarker.cache [mainhread] - TemplateLoader.findTemplateSource("spark/partials/sidenav_en.ftl"): Not found
DEBUG main - 2021-08-31 17:00:10.816; - freemarker.cache [mainhread] - TemplateLoader.findTemplateSource("spark/partials/sidenav.ftl"): Found
DEBUG main - 2021-08-31 17:00:10.817; - freemarker.cache [mainhread] - Loading template for "spark/partials/sidenav.ftl"("en", UTF-8, parsed) from "jar:file:/C:/Windows/system32/config/systemprofile/.m2/repository/com/aventstack/extentreports/4.0.9/extentreports-4.0.9.jar!/com/aventstack/extentreports/view/spark/partials/sidenav.ftl"
DEBUG main - 2021-08-31 17:00:10.832; - freemarker.cache [mainhread] - Couldn't find template in cache for "spark/partials/standard-content.ftl"("en", UTF-8, parsed); will try to load it.
DEBUG main - 2021-08-31 17:00:10.833; - freemarker.cache [mainhread] - TemplateLoader.findTemplateSource("spark/partials/standard-content_en.ftl"): Not found
DEBUG main - 2021-08-31 17:00:10.834; - freemarker.cache [mainhread] - TemplateLoader.findTemplateSource("spark/partials/standard-content.ftl"): Found
DEBUG main - 2021-08-31 17:00:10.834; - freemarker.cache [mainhread] - Loading template for "spark/partials/standard-content.ftl"("en", UTF-8, parsed) from "jar:file:/C:/Windows/system32/config/systemprofile/.m2/repository/com/aventstack/extentreports/4.0.9/extentreports-4.0.9.jar!/com/aventstack/extentreports/view/spark/partials/standard-content.ftl"
DEBUG main - 2021-08-31 17:00:10.845; - freemarker.cache [mainhread] - Couldn't find template in cache for "spark/partials/scripts.ftl"("en", UTF-8, parsed); will try to load it.
DEBUG main - 2021-08-31 17:00:10.846; - freemarker.cache [mainhread] - TemplateLoader.findTemplateSource("spark/partials/scripts_en.ftl"): Not found
DEBUG main - 2021-08-31 17:00:10.846; - freemarker.cache [mainhread] - TemplateLoader.findTemplateSource("spark/partials/scripts.ftl"): Found
DEBUG main - 2021-08-31 17:00:10.847; - freemarker.cache [mainhread] - Loading template for "spark/partials/scripts.ftl"("en", UTF-8, parsed) from "jar:file:/C:/Windows/system32/config/systemprofile/.m2/repository/com/aventstack/extentreports/4.0.9/extentreports-4.0.9.jar!/com/aventstack/extentreports/view/spark/partials/scripts.ftl"
DEBUG main - 2021-08-31 17:00:10.851; - freemarker.cache [mainhread] - Couldn't find template in cache for "spark/dashboard.ftl"("en", UTF-8, parsed); will try to load it.
DEBUG main - 2021-08-31 17:00:10.852; - freemarker.cache [mainhread] - TemplateLoader.findTemplateSource("spark/dashboard_en.ftl"): Not found
DEBUG main - 2021-08-31 17:00:10.853; - freemarker.cache [mainhread] - TemplateLoader.findTemplateSource("spark/dashboard.ftl"): Found
DEBUG main - 2021-08-31 17:00:10.854; - freemarker.cache [mainhread] - Loading template for "spark/dashboard.ftl"("en", UTF-8, parsed) from "jar:file:/C:/Windows/system32/config/systemprofile/.m2/repository/com/aventstack/extentreports/4.0.9/extentreports-4.0.9.jar!/com/aventstack/extentreports/view/spark/dashboard.ftl"
DEBUG main - 2021-08-31 17:00:10.882; - freemarker.cache [mainhread] - Couldn't find template in cache for "commons/commons-variables.ftl"("en", UTF-8, parsed); will try to load it.
DEBUG main - 2021-08-31 17:00:10.883; - freemarker.cache [mainhread] - TemplateLoader.findTemplateSource("commons/commons-variables_en.ftl"): Not found
DEBUG main - 2021-08-31 17:00:10.884; - freemarker.cache [mainhread] - TemplateLoader.findTemplateSource("commons/commons-variables.ftl"): Found
DEBUG main - 2021-08-31 17:00:10.885; - freemarker.cache [mainhread] - Loading template for "commons/commons-variables.ftl"("en", UTF-8, parsed) from "jar:file:/C:/Windows/system32/config/systemprofile/.m2/repository/com/aventstack/extentreports/4.0.9/extentreports-4.0.9.jar!/com/aventstack/extentreports/view/commons/commons-variables.ftl"
DEBUG main - 2021-08-31 17:00:10.894; - freemarker.cache [mainhread] - Couldn't find template in cache for "spark/partials/head.ftl"("en", UTF-8, parsed); will try to load it.
DEBUG main - 2021-08-31 17:00:10.895; - freemarker.cache [mainhread] - TemplateLoader.findTemplateSource("spark/partials/head_en.ftl"): Not found
DEBUG main - 2021-08-31 17:00:10.896; - freemarker.cache [mainhread] - TemplateLoader.findTemplateSource("spark/partials/head.ftl"): Found
DEBUG main - 2021-08-31 17:00:10.897; - freemarker.cache [mainhread] - Loading template for "spark/partials/head.ftl"("en", UTF-8, parsed) from "jar:file:/C:/Windows/system32/config/systemprofile/.m2/repository/com/aventstack/extentreports/4.0.9/extentreports-4.0.9.jar!/com/aventstack/extentreports/view/spark/partials/head.ftl"
DEBUG main - 2021-08-31 17:00:10.900; - freemarker.cache [mainhread] - Couldn't find template in cache for "commons/commons-inject-css.ftl"("en", UTF-8, parsed); will try to load it.
DEBUG main - 2021-08-31 17:00:10.901; - freemarker.cache [mainhread] - TemplateLoader.findTemplateSource("commons/commons-inject-css_en.ftl"): Not found
DEBUG main - 2021-08-31 17:00:10.902; - freemarker.cache [mainhread] - TemplateLoader.findTemplateSource("commons/commons-inject-css.ftl"): Found
DEBUG main - 2021-08-31 17:00:10.902; - freemarker.cache [mainhread] - Loading template for "commons/commons-inject-css.ftl"("en", UTF-8, parsed) from "jar:file:/C:/Windows/system32/config/systemprofile/.m2/repository/com/aventstack/extentreports/4.0.9/extentreports-4.0.9.jar!/com/aventstack/extentreports/view/commons/commons-inject-css.ftl"
DEBUG main - 2021-08-31 17:00:10.904; - freemarker.cache [mainhread] - Couldn't find template in cache for "spark/partials/navbar.ftl"("en", UTF-8, parsed); will try to load it.
DEBUG main - 2021-08-31 17:00:10.906; - freemarker.cache [mainhread] - TemplateLoader.findTemplateSource("spark/partials/navbar_en.ftl"): Not found
DEBUG main - 2021-08-31 17:00:10.907; - freemarker.cache [mainhread] - TemplateLoader.findTemplateSource("spark/partials/navbar.ftl"): Found
DEBUG main - 2021-08-31 17:00:10.908; - freemarker.cache [mainhread] - Loading template for "spark/partials/navbar.ftl"("en", UTF-8, parsed) from "jar:file:/C:/Windows/system32/config/systemprofile/.m2/repository/com/aventstack/extentreports/4.0.9/extentreports-4.0.9.jar!/com/aventstack/extentreports/view/spark/partials/navbar.ftl"
DEBUG main - 2021-08-31 17:00:10.911; - freemarker.cache [mainhread] - Couldn't find template in cache for "spark/partials/sidenav.ftl"("en", UTF-8, parsed); will try to load it.
DEBUG main - 2021-08-31 17:00:10.912; - freemarker.cache [mainhread] - TemplateLoader.findTemplateSource("spark/partials/sidenav_en.ftl"): Not found
DEBUG main - 2021-08-31 17:00:10.912; - freemarker.cache [mainhread] - TemplateLoader.findTemplateSource("spark/partials/sidenav.ftl"): Found
DEBUG main - 2021-08-31 17:00:10.913; - freemarker.cache [mainhread] - Loading template for "spark/partials/sidenav.ftl"("en", UTF-8, parsed) from "jar:file:/C:/Windows/system32/config/systemprofile/.m2/repository/com/aventstack/extentreports/4.0.9/extentreports-4.0.9.jar!/com/aventstack/extentreports/view/spark/partials/sidenav.ftl"
DEBUG main - 2021-08-31 17:00:10.925; - freemarker.cache [mainhread] - Couldn't find template in cache for "spark/partials/scripts.ftl"("en", UTF-8, parsed); will try to load it.
DEBUG main - 2021-08-31 17:00:10.926; - freemarker.cache [mainhread] - TemplateLoader.findTemplateSource("spark/partials/scripts_en.ftl"): Not found
DEBUG main - 2021-08-31 17:00:10.927; - freemarker.cache [mainhread] - TemplateLoader.findTemplateSource("spark/partials/scripts.ftl"): Found
DEBUG main - 2021-08-31 17:00:10.927; - freemarker.cache [mainhread] - Loading template for "spark/partials/scripts.ftl"("en", UTF-8, parsed) from "jar:file:/C:/Windows/system32/config/systemprofile/.m2/repository/com/aventstack/extentreports/4.0.9/extentreports-4.0.9.jar!/com/aventstack/extentreports/view/spark/partials/scripts.ftl"
DEBUG main - 2021-08-31 17:00:11.156; - freemarker.cache [mainhread] - Couldn't find template in cache for "v3html/v3-html-index.ftl"("en", UTF-8, parsed); will try to load it.
DEBUG main - 2021-08-31 17:00:11.157; - freemarker.cache [mainhread] - TemplateLoader.findTemplateSource("v3html/v3-html-index_en.ftl"): Not found
DEBUG main - 2021-08-31 17:00:11.158; - freemarker.cache [mainhread] - TemplateLoader.findTemplateSource("v3html/v3-html-index.ftl"): Found
DEBUG main - 2021-08-31 17:00:11.158; - freemarker.cache [mainhread] - Loading template for "v3html/v3-html-index.ftl"("en", UTF-8, parsed) from "jar:file:/C:/Windows/system32/config/systemprofile/.m2/repository/com/aventstack/extentreports/4.0.9/extentreports-4.0.9.jar!/com/aventstack/extentreports/view/v3html/v3-html-index.ftl"
DEBUG main - 2021-08-31 17:00:11.175; - freemarker.cache [mainhread] - Couldn't find template in cache for "v3html/v3-html-head.ftl"("en", UTF-8, parsed); will try to load it.
DEBUG main - 2021-08-31 17:00:11.176; - freemarker.cache [mainhread] - TemplateLoader.findTemplateSource("v3html/v3-html-head_en.ftl"): Not found
DEBUG main - 2021-08-31 17:00:11.177; - freemarker.cache [mainhread] - TemplateLoader.findTemplateSource("v3html/v3-html-head.ftl"): Found
DEBUG main - 2021-08-31 17:00:11.177; - freemarker.cache [mainhread] - Loading template for "v3html/v3-html-head.ftl"("en", UTF-8, parsed) from "jar:file:/C:/Windows/system32/config/systemprofile/.m2/repository/com/aventstack/extentreports/4.0.9/extentreports-4.0.9.jar!/com/aventstack/extentreports/view/v3html/v3-html-head.ftl"
DEBUG main - 2021-08-31 17:00:11.180; - freemarker.cache [mainhread] - Couldn't find template in cache for "v3html/v3-html-nav.ftl"("en", UTF-8, parsed); will try to load it.
DEBUG main - 2021-08-31 17:00:11.181; - freemarker.cache [mainhread] - TemplateLoader.findTemplateSource("v3html/v3-html-nav_en.ftl"): Not found
DEBUG main - 2021-08-31 17:00:11.182; - freemarker.cache [mainhread] - TemplateLoader.findTemplateSource("v3html/v3-html-nav.ftl"): Found
DEBUG main - 2021-08-31 17:00:11.182; - freemarker.cache [mainhread] - Loading template for "v3html/v3-html-nav.ftl"("en", UTF-8, parsed) from "jar:file:/C:/Windows/system32/config/systemprofile/.m2/repository/com/aventstack/extentreports/4.0.9/extentreports-4.0.9.jar!/com/aventstack/extentreports/view/v3html/v3-html-nav.ftl"
DEBUG main - 2021-08-31 17:00:11.207; - freemarker.cache [mainhread] - Couldn't find template in cache for "v3html/test-view/v3-html-test-view.ftl"("en", UTF-8, parsed); will try to load it.
DEBUG main - 2021-08-31 17:00:11.209; - freemarker.cache [mainhread] - TemplateLoader.findTemplateSource("v3html/test-view/v3-html-test-view_en.ftl"): Not found
DEBUG main - 2021-08-31 17:00:11.209; - freemarker.cache [mainhread] - TemplateLoader.findTemplateSource("v3html/test-view/v3-html-test-view.ftl"): Found
DEBUG main - 2021-08-31 17:00:11.210; - freemarker.cache [mainhread] - Loading template for "v3html/test-view/v3-html-test-view.ftl"("en", UTF-8, parsed) from "jar:file:/C:/Windows/system32/config/systemprofile/.m2/repository/com/aventstack/extentreports/4.0.9/extentreports-4.0.9.jar!/com/aventstack/extentreports/view/v3html/test-view/v3-html-test-view.ftl"
DEBUG main - 2021-08-31 17:00:11.218; - freemarker.cache [mainhread] - Couldn't find template in cache for "v3html/test-view/v3-html-test-view-charts.ftl"("en", UTF-8, parsed); will try to load it.
DEBUG main - 2021-08-31 17:00:11.219; - freemarker.cache [mainhread] - TemplateLoader.findTemplateSource("v3html/test-view/v3-html-test-view-charts_en.ftl"): Not found
DEBUG main - 2021-08-31 17:00:11.220; - freemarker.cache [mainhread] - TemplateLoader.findTemplateSource("v3html/test-view/v3-html-test-view-charts.ftl"): Found
DEBUG main - 2021-08-31 17:00:11.220; - freemarker.cache [mainhread] - Loading template for "v3html/test-view/v3-html-test-view-charts.ftl"("en", UTF-8, parsed) from "jar:file:/C:/Windows/system32/config/systemprofile/.m2/repository/com/aventstack/extentreports/4.0.9/extentreports-4.0.9.jar!/com/aventstack/extentreports/view/v3html/test-view/v3-html-test-view-charts.ftl"
DEBUG main - 2021-08-31 17:00:11.229; - freemarker.cache [mainhread] - Couldn't find template in cache for "v3html/test-view/v3-html-standard.ftl"("en", UTF-8, parsed); will try to load it.
DEBUG main - 2021-08-31 17:00:11.230; - freemarker.cache [mainhread] - TemplateLoader.findTemplateSource("v3html/test-view/v3-html-standard_en.ftl"): Not found
DEBUG main - 2021-08-31 17:00:11.230; - freemarker.cache [mainhread] - TemplateLoader.findTemplateSource("v3html/test-view/v3-html-standard.ftl"): Found
DEBUG main - 2021-08-31 17:00:11.231; - freemarker.cache [mainhread] - Loading template for "v3html/test-view/v3-html-standard.ftl"("en", UTF-8, parsed) from "jar:file:/C:/Windows/system32/config/systemprofile/.m2/repository/com/aventstack/extentreports/4.0.9/extentreports-4.0.9.jar!/com/aventstack/extentreports/view/v3html/test-view/v3-html-standard.ftl"
DEBUG main - 2021-08-31 17:00:11.259; - freemarker.cache [mainhread] - Couldn't find template in cache for "v3html/category-view/v3-html-category-view.ftl"("en", UTF-8, parsed); will try to load it.
DEBUG main - 2021-08-31 17:00:11.260; - freemarker.cache [mainhread] - TemplateLoader.findTemplateSource("v3html/category-view/v3-html-category-view_en.ftl"): Not found
DEBUG main - 2021-08-31 17:00:11.261; - freemarker.cache [mainhread] - TemplateLoader.findTemplateSource("v3html/category-view/v3-html-category-view.ftl"): Found
DEBUG main - 2021-08-31 17:00:11.261; - freemarker.cache [mainhread] - Loading template for "v3html/category-view/v3-html-category-view.ftl"("en", UTF-8, parsed) from "jar:file:/C:/Windows/system32/config/systemprofile/.m2/repository/com/aventstack/extentreports/4.0.9/extentreports-4.0.9.jar!/com/aventstack/extentreports/view/v3html/category-view/v3-html-category-view.ftl"
DEBUG main - 2021-08-31 17:00:11.266; - freemarker.cache [mainhread] - Couldn't find template in cache for "v3html/exception-view/v3-html-exception-view.ftl"("en", UTF-8, parsed); will try to load it.
DEBUG main - 2021-08-31 17:00:11.267; - freemarker.cache [mainhread] - TemplateLoader.findTemplateSource("v3html/exception-view/v3-html-exception-view_en.ftl"): Not found
DEBUG main - 2021-08-31 17:00:11.268; - freemarker.cache [mainhread] - TemplateLoader.findTemplateSource("v3html/exception-view/v3-html-exception-view.ftl"): Found
DEBUG main - 2021-08-31 17:00:11.268; - freemarker.cache [mainhread] - Loading template for "v3html/exception-view/v3-html-exception-view.ftl"("en", UTF-8, parsed) from "jar:file:/C:/Windows/system32/config/systemprofile/.m2/repository/com/aventstack/extentreports/4.0.9/extentreports-4.0.9.jar!/com/aventstack/extentreports/view/v3html/exception-view/v3-html-exception-view.ftl"
DEBUG main - 2021-08-31 17:00:11.274; - freemarker.cache [mainhread] - Couldn't find template in cache for "v3html/author-view/v3-html-author-view.ftl"("en", UTF-8, parsed); will try to load it.
DEBUG main - 2021-08-31 17:00:11.276; - freemarker.cache [mainhread] - TemplateLoader.findTemplateSource("v3html/author-view/v3-html-author-view_en.ftl"): Not found
DEBUG main - 2021-08-31 17:00:11.277; - freemarker.cache [mainhread] - TemplateLoader.findTemplateSource("v3html/author-view/v3-html-author-view.ftl"): Found
DEBUG main - 2021-08-31 17:00:11.278; - freemarker.cache [mainhread] - Loading template for "v3html/author-view/v3-html-author-view.ftl"("en", UTF-8, parsed) from "jar:file:/C:/Windows/system32/config/systemprofile/.m2/repository/com/aventstack/extentreports/4.0.9/extentreports-4.0.9.jar!/com/aventstack/extentreports/view/v3html/author-view/v3-html-author-view.ftl"
DEBUG main - 2021-08-31 17:00:11.283; - freemarker.cache [mainhread] - Couldn't find template in cache for "v3html/dashboard-view/v3-html-dashboard-view.ftl"("en", UTF-8, parsed); will try to load it.
DEBUG main - 2021-08-31 17:00:11.284; - freemarker.cache [mainhread] - TemplateLoader.findTemplateSource("v3html/dashboard-view/v3-html-dashboard-view_en.ftl"): Not found
DEBUG main - 2021-08-31 17:00:11.284; - freemarker.cache [mainhread] - TemplateLoader.findTemplateSource("v3html/dashboard-view/v3-html-dashboard-view.ftl"): Found
DEBUG main - 2021-08-31 17:00:11.286; - freemarker.cache [mainhread] - Loading template for "v3html/dashboard-view/v3-html-dashboard-view.ftl"("en", UTF-8, parsed) from "jar:file:/C:/Windows/system32/config/systemprofile/.m2/repository/com/aventstack/extentreports/4.0.9/extentreports-4.0.9.jar!/com/aventstack/extentreports/view/v3html/dashboard-view/v3-html-dashboard-view.ftl"
DEBUG main - 2021-08-31 17:00:11.299; - freemarker.cache [mainhread] - Couldn't find template in cache for "v3html/logs-view/v3-html-testrunner-logs-view.ftl"("en", UTF-8, parsed); will try to load it.
DEBUG main - 2021-08-31 17:00:11.300; - freemarker.cache [mainhread] - TemplateLoader.findTemplateSource("v3html/logs-view/v3-html-testrunner-logs-view_en.ftl"): Not found
DEBUG main - 2021-08-31 17:00:11.300; - freemarker.cache [mainhread] - TemplateLoader.findTemplateSource("v3html/logs-view/v3-html-testrunner-logs-view.ftl"): Found
DEBUG main - 2021-08-31 17:00:11.300; - freemarker.cache [mainhread] - Loading template for "v3html/logs-view/v3-html-testrunner-logs-view.ftl"("en", UTF-8, parsed) from "jar:file:/C:/Windows/system32/config/systemprofile/.m2/repository/com/aventstack/extentreports/4.0.9/extentreports-4.0.9.jar!/com/aventstack/extentreports/view/v3html/logs-view/v3-html-testrunner-logs-view.ftl"
 INFO main - 2021-08-31 18:51:15.109; - devpinoyLogger [mainhread] - Navigating to https://accounts.zoho.com/signin?servicename=ZohoHome&signupurl=https://www.zoho.com/signup.html&serviceurl=https://www.zoho.com/all-products.html&ireft=nhome&src=all-products-header
DEBUG main - 2021-08-31 18:51:56.265; - freemarker.cache [mainhread] - Couldn't find template in cache for "spark/test.ftl"("en", UTF-8, parsed); will try to load it.
DEBUG main - 2021-08-31 18:51:56.267; - freemarker.cache [mainhread] - TemplateLoader.findTemplateSource("spark/test_en.ftl"): Not found
DEBUG main - 2021-08-31 18:51:56.270; - freemarker.cache [mainhread] - TemplateLoader.findTemplateSource("spark/test.ftl"): Found
DEBUG main - 2021-08-31 18:51:56.271; - freemarker.cache [mainhread] - Loading template for "spark/test.ftl"("en", UTF-8, parsed) from "jar:file:/C:/Users/Sumit%20kalra/.m2/repository/com/aventstack/extentreports/4.0.9/extentreports-4.0.9.jar!/com/aventstack/extentreports/view/spark/test.ftl"
DEBUG main - 2021-08-31 18:51:56.431; - freemarker.cache [mainhread] - Couldn't find template in cache for "commons/commons-variables.ftl"("en", UTF-8, parsed); will try to load it.
DEBUG main - 2021-08-31 18:51:56.432; - freemarker.cache [mainhread] - TemplateLoader.findTemplateSource("commons/commons-variables_en.ftl"): Not found
DEBUG main - 2021-08-31 18:51:56.433; - freemarker.cache [mainhread] - TemplateLoader.findTemplateSource("commons/commons-variables.ftl"): Found
DEBUG main - 2021-08-31 18:51:56.434; - freemarker.cache [mainhread] - Loading template for "commons/commons-variables.ftl"("en", UTF-8, parsed) from "jar:file:/C:/Users/Sumit%20kalra/.m2/repository/com/aventstack/extentreports/4.0.9/extentreports-4.0.9.jar!/com/aventstack/extentreports/view/commons/commons-variables.ftl"
DEBUG main - 2021-08-31 18:51:56.500; - freemarker.cache [mainhread] - Couldn't find template in cache for "commons/commons-macros.ftl"("en", UTF-8, parsed); will try to load it.
DEBUG main - 2021-08-31 18:51:56.502; - freemarker.cache [mainhread] - TemplateLoader.findTemplateSource("commons/commons-macros_en.ftl"): Not found
DEBUG main - 2021-08-31 18:51:56.503; - freemarker.cache [mainhread] - TemplateLoader.findTemplateSource("commons/commons-macros.ftl"): Found
DEBUG main - 2021-08-31 18:51:56.504; - freemarker.cache [mainhread] - Loading template for "commons/commons-macros.ftl"("en", UTF-8, parsed) from "jar:file:/C:/Users/Sumit%20kalra/.m2/repository/com/aventstack/extentreports/4.0.9/extentreports-4.0.9.jar!/com/aventstack/extentreports/view/commons/commons-macros.ftl"
DEBUG main - 2021-08-31 18:51:56.511; - freemarker.cache [mainhread] - Couldn't find template in cache for "spark/macros/attributes.ftl"("en", UTF-8, parsed); will try to load it.
DEBUG main - 2021-08-31 18:51:56.512; - freemarker.cache [mainhread] - TemplateLoader.findTemplateSource("spark/macros/attributes_en.ftl"): Not found
DEBUG main - 2021-08-31 18:51:56.514; - freemarker.cache [mainhread] - TemplateLoader.findTemplateSource("spark/macros/attributes.ftl"): Found
DEBUG main - 2021-08-31 18:51:56.516; - freemarker.cache [mainhread] - Loading template for "spark/macros/attributes.ftl"("en", UTF-8, parsed) from "jar:file:/C:/Users/Sumit%20kalra/.m2/repository/com/aventstack/extentreports/4.0.9/extentreports-4.0.9.jar!/com/aventstack/extentreports/view/spark/macros/attributes.ftl"
DEBUG main - 2021-08-31 18:51:56.520; - freemarker.cache [mainhread] - Couldn't find template in cache for "spark/macros/log.ftl"("en", UTF-8, parsed); will try to load it.
DEBUG main - 2021-08-31 18:51:56.521; - freemarker.cache [mainhread] - TemplateLoader.findTemplateSource("spark/macros/log_en.ftl"): Not found
DEBUG main - 2021-08-31 18:51:56.522; - freemarker.cache [mainhread] - TemplateLoader.findTemplateSource("spark/macros/log.ftl"): Found
DEBUG main - 2021-08-31 18:51:56.522; - freemarker.cache [mainhread] - Loading template for "spark/macros/log.ftl"("en", UTF-8, parsed) from "jar:file:/C:/Users/Sumit%20kalra/.m2/repository/com/aventstack/extentreports/4.0.9/extentreports-4.0.9.jar!/com/aventstack/extentreports/view/spark/macros/log.ftl"
DEBUG main - 2021-08-31 18:51:56.525; - freemarker.cache [mainhread] - Couldn't find template in cache for "spark/macros/recurse_nodes.ftl"("en", UTF-8, parsed); will try to load it.
DEBUG main - 2021-08-31 18:51:56.526; - freemarker.cache [mainhread] - TemplateLoader.findTemplateSource("spark/macros/recurse_nodes_en.ftl"): Not found
DEBUG main - 2021-08-31 18:51:56.527; - freemarker.cache [mainhread] - TemplateLoader.findTemplateSource("spark/macros/recurse_nodes.ftl"): Found
DEBUG main - 2021-08-31 18:51:56.528; - freemarker.cache [mainhread] - Loading template for "spark/macros/recurse_nodes.ftl"("en", UTF-8, parsed) from "jar:file:/C:/Users/Sumit%20kalra/.m2/repository/com/aventstack/extentreports/4.0.9/extentreports-4.0.9.jar!/com/aventstack/extentreports/view/spark/macros/recurse_nodes.ftl"
DEBUG main - 2021-08-31 18:51:56.530; - freemarker.cache [mainhread] - "spark/macros/log.ftl"("en", UTF-8, parsed) cached copy not yet stale; using cached.
DEBUG main - 2021-08-31 18:51:56.540; - freemarker.cache [mainhread] - Couldn't find template in cache for "spark/partials/head.ftl"("en", UTF-8, parsed); will try to load it.
DEBUG main - 2021-08-31 18:51:56.542; - freemarker.cache [mainhread] - TemplateLoader.findTemplateSource("spark/partials/head_en.ftl"): Not found
DEBUG main - 2021-08-31 18:51:56.543; - freemarker.cache [mainhread] - TemplateLoader.findTemplateSource("spark/partials/head.ftl"): Found
DEBUG main - 2021-08-31 18:51:56.544; - freemarker.cache [mainhread] - Loading template for "spark/partials/head.ftl"("en", UTF-8, parsed) from "jar:file:/C:/Users/Sumit%20kalra/.m2/repository/com/aventstack/extentreports/4.0.9/extentreports-4.0.9.jar!/com/aventstack/extentreports/view/spark/partials/head.ftl"
DEBUG main - 2021-08-31 18:51:56.547; - freemarker.cache [mainhread] - Couldn't find template in cache for "commons/commons-inject-css.ftl"("en", UTF-8, parsed); will try to load it.
DEBUG main - 2021-08-31 18:51:56.548; - freemarker.cache [mainhread] - TemplateLoader.findTemplateSource("commons/commons-inject-css_en.ftl"): Not found
DEBUG main - 2021-08-31 18:51:56.550; - freemarker.cache [mainhread] - TemplateLoader.findTemplateSource("commons/commons-inject-css.ftl"): Found
DEBUG main - 2021-08-31 18:51:56.550; - freemarker.cache [mainhread] - Loading template for "commons/commons-inject-css.ftl"("en", UTF-8, parsed) from "jar:file:/C:/Users/Sumit%20kalra/.m2/repository/com/aventstack/extentreports/4.0.9/extentreports-4.0.9.jar!/com/aventstack/extentreports/view/commons/commons-inject-css.ftl"
DEBUG main - 2021-08-31 18:51:56.552; - freemarker.cache [mainhread] - Couldn't find template in cache for "spark/partials/navbar.ftl"("en", UTF-8, parsed); will try to load it.
DEBUG main - 2021-08-31 18:51:56.553; - freemarker.cache [mainhread] - TemplateLoader.findTemplateSource("spark/partials/navbar_en.ftl"): Not found
DEBUG main - 2021-08-31 18:51:56.554; - freemarker.cache [mainhread] - TemplateLoader.findTemplateSource("spark/partials/navbar.ftl"): Found
DEBUG main - 2021-08-31 18:51:56.555; - freemarker.cache [mainhread] - Loading template for "spark/partials/navbar.ftl"("en", UTF-8, parsed) from "jar:file:/C:/Users/Sumit%20kalra/.m2/repository/com/aventstack/extentreports/4.0.9/extentreports-4.0.9.jar!/com/aventstack/extentreports/view/spark/partials/navbar.ftl"
DEBUG main - 2021-08-31 18:51:56.563; - freemarker.cache [mainhread] - Couldn't find template in cache for "spark/partials/sidenav.ftl"("en", UTF-8, parsed); will try to load it.
DEBUG main - 2021-08-31 18:51:56.565; - freemarker.cache [mainhread] - TemplateLoader.findTemplateSource("spark/partials/sidenav_en.ftl"): Not found
DEBUG main - 2021-08-31 18:51:56.566; - freemarker.cache [mainhread] - TemplateLoader.findTemplateSource("spark/partials/sidenav.ftl"): Found
DEBUG main - 2021-08-31 18:51:56.566; - freemarker.cache [mainhread] - Loading template for "spark/partials/sidenav.ftl"("en", UTF-8, parsed) from "jar:file:/C:/Users/Sumit%20kalra/.m2/repository/com/aventstack/extentreports/4.0.9/extentreports-4.0.9.jar!/com/aventstack/extentreports/view/spark/partials/sidenav.ftl"
DEBUG main - 2021-08-31 18:51:56.583; - freemarker.cache [mainhread] - Couldn't find template in cache for "spark/partials/standard-content.ftl"("en", UTF-8, parsed); will try to load it.
DEBUG main - 2021-08-31 18:51:56.585; - freemarker.cache [mainhread] - TemplateLoader.findTemplateSource("spark/partials/standard-content_en.ftl"): Not found
DEBUG main - 2021-08-31 18:51:56.586; - freemarker.cache [mainhread] - TemplateLoader.findTemplateSource("spark/partials/standard-content.ftl"): Found
DEBUG main - 2021-08-31 18:51:56.586; - freemarker.cache [mainhread] - Loading template for "spark/partials/standard-content.ftl"("en", UTF-8, parsed) from "jar:file:/C:/Users/Sumit%20kalra/.m2/repository/com/aventstack/extentreports/4.0.9/extentreports-4.0.9.jar!/com/aventstack/extentreports/view/spark/partials/standard-content.ftl"
DEBUG main - 2021-08-31 18:51:56.596; - freemarker.cache [mainhread] - Couldn't find template in cache for "spark/partials/scripts.ftl"("en", UTF-8, parsed); will try to load it.
DEBUG main - 2021-08-31 18:51:56.597; - freemarker.cache [mainhread] - TemplateLoader.findTemplateSource("spark/partials/scripts_en.ftl"): Not found
DEBUG main - 2021-08-31 18:51:56.599; - freemarker.cache [mainhread] - TemplateLoader.findTemplateSource("spark/partials/scripts.ftl"): Found
DEBUG main - 2021-08-31 18:51:56.599; - freemarker.cache [mainhread] - Loading template for "spark/partials/scripts.ftl"("en", UTF-8, parsed) from "jar:file:/C:/Users/Sumit%20kalra/.m2/repository/com/aventstack/extentreports/4.0.9/extentreports-4.0.9.jar!/com/aventstack/extentreports/view/spark/partials/scripts.ftl"
DEBUG main - 2021-08-31 18:51:56.607; - freemarker.cache [mainhread] - Couldn't find template in cache for "spark/dashboard.ftl"("en", UTF-8, parsed); will try to load it.
DEBUG main - 2021-08-31 18:51:56.608; - freemarker.cache [mainhread] - TemplateLoader.findTemplateSource("spark/dashboard_en.ftl"): Not found
DEBUG main - 2021-08-31 18:51:56.609; - freemarker.cache [mainhread] - TemplateLoader.findTemplateSource("spark/dashboard.ftl"): Found
DEBUG main - 2021-08-31 18:51:56.610; - freemarker.cache [mainhread] - Loading template for "spark/dashboard.ftl"("en", UTF-8, parsed) from "jar:file:/C:/Users/Sumit%20kalra/.m2/repository/com/aventstack/extentreports/4.0.9/extentreports-4.0.9.jar!/com/aventstack/extentreports/view/spark/dashboard.ftl"
DEBUG main - 2021-08-31 18:51:56.653; - freemarker.cache [mainhread] - Couldn't find template in cache for "commons/commons-variables.ftl"("en", UTF-8, parsed); will try to load it.
DEBUG main - 2021-08-31 18:51:56.654; - freemarker.cache [mainhread] - TemplateLoader.findTemplateSource("commons/commons-variables_en.ftl"): Not found
DEBUG main - 2021-08-31 18:51:56.655; - freemarker.cache [mainhread] - TemplateLoader.findTemplateSource("commons/commons-variables.ftl"): Found
DEBUG main - 2021-08-31 18:51:56.655; - freemarker.cache [mainhread] - Loading template for "commons/commons-variables.ftl"("en", UTF-8, parsed) from "jar:file:/C:/Users/Sumit%20kalra/.m2/repository/com/aventstack/extentreports/4.0.9/extentreports-4.0.9.jar!/com/aventstack/extentreports/view/commons/commons-variables.ftl"
DEBUG main - 2021-08-31 18:51:56.681; - freemarker.cache [mainhread] - Couldn't find template in cache for "spark/partials/head.ftl"("en", UTF-8, parsed); will try to load it.
DEBUG main - 2021-08-31 18:51:56.682; - freemarker.cache [mainhread] - TemplateLoader.findTemplateSource("spark/partials/head_en.ftl"): Not found
DEBUG main - 2021-08-31 18:51:56.683; - freemarker.cache [mainhread] - TemplateLoader.findTemplateSource("spark/partials/head.ftl"): Found
DEBUG main - 2021-08-31 18:51:56.683; - freemarker.cache [mainhread] - Loading template for "spark/partials/head.ftl"("en", UTF-8, parsed) from "jar:file:/C:/Users/Sumit%20kalra/.m2/repository/com/aventstack/extentreports/4.0.9/extentreports-4.0.9.jar!/com/aventstack/extentreports/view/spark/partials/head.ftl"
DEBUG main - 2021-08-31 18:51:56.686; - freemarker.cache [mainhread] - Couldn't find template in cache for "commons/commons-inject-css.ftl"("en", UTF-8, parsed); will try to load it.
DEBUG main - 2021-08-31 18:51:56.687; - freemarker.cache [mainhread] - TemplateLoader.findTemplateSource("commons/commons-inject-css_en.ftl"): Not found
DEBUG main - 2021-08-31 18:51:56.688; - freemarker.cache [mainhread] - TemplateLoader.findTemplateSource("commons/commons-inject-css.ftl"): Found
DEBUG main - 2021-08-31 18:51:56.689; - freemarker.cache [mainhread] - Loading template for "commons/commons-inject-css.ftl"("en", UTF-8, parsed) from "jar:file:/C:/Users/Sumit%20kalra/.m2/repository/com/aventstack/extentreports/4.0.9/extentreports-4.0.9.jar!/com/aventstack/extentreports/view/commons/commons-inject-css.ftl"
DEBUG main - 2021-08-31 18:51:56.691; - freemarker.cache [mainhread] - Couldn't find template in cache for "spark/partials/navbar.ftl"("en", UTF-8, parsed); will try to load it.
DEBUG main - 2021-08-31 18:51:56.692; - freemarker.cache [mainhread] - TemplateLoader.findTemplateSource("spark/partials/navbar_en.ftl"): Not found
DEBUG main - 2021-08-31 18:51:56.693; - freemarker.cache [mainhread] - TemplateLoader.findTemplateSource("spark/partials/navbar.ftl"): Found
DEBUG main - 2021-08-31 18:51:56.694; - freemarker.cache [mainhread] - Loading template for "spark/partials/navbar.ftl"("en", UTF-8, parsed) from "jar:file:/C:/Users/Sumit%20kalra/.m2/repository/com/aventstack/extentreports/4.0.9/extentreports-4.0.9.jar!/com/aventstack/extentreports/view/spark/partials/navbar.ftl"
DEBUG main - 2021-08-31 18:51:56.700; - freemarker.cache [mainhread] - Couldn't find template in cache for "spark/partials/sidenav.ftl"("en", UTF-8, parsed); will try to load it.
DEBUG main - 2021-08-31 18:51:56.701; - freemarker.cache [mainhread] - TemplateLoader.findTemplateSource("spark/partials/sidenav_en.ftl"): Not found
DEBUG main - 2021-08-31 18:51:56.702; - freemarker.cache [mainhread] - TemplateLoader.findTemplateSource("spark/partials/sidenav.ftl"): Found
DEBUG main - 2021-08-31 18:51:56.702; - freemarker.cache [mainhread] - Loading template for "spark/partials/sidenav.ftl"("en", UTF-8, parsed) from "jar:file:/C:/Users/Sumit%20kalra/.m2/repository/com/aventstack/extentreports/4.0.9/extentreports-4.0.9.jar!/com/aventstack/extentreports/view/spark/partials/sidenav.ftl"
DEBUG main - 2021-08-31 18:51:56.718; - freemarker.cache [mainhread] - Couldn't find template in cache for "spark/partials/scripts.ftl"("en", UTF-8, parsed); will try to load it.
DEBUG main - 2021-08-31 18:51:56.718; - freemarker.cache [mainhread] - TemplateLoader.findTemplateSource("spark/partials/scripts_en.ftl"): Not found
DEBUG main - 2021-08-31 18:51:56.719; - freemarker.cache [mainhread] - TemplateLoader.findTemplateSource("spark/partials/scripts.ftl"): Found
DEBUG main - 2021-08-31 18:51:56.720; - freemarker.cache [mainhread] - Loading template for "spark/partials/scripts.ftl"("en", UTF-8, parsed) from "jar:file:/C:/Users/Sumit%20kalra/.m2/repository/com/aventstack/extentreports/4.0.9/extentreports-4.0.9.jar!/com/aventstack/extentreports/view/spark/partials/scripts.ftl"
DEBUG main - 2021-08-31 18:51:56.988; - freemarker.cache [mainhread] - Couldn't find template in cache for "v3html/v3-html-index.ftl"("en", UTF-8, parsed); will try to load it.
DEBUG main - 2021-08-31 18:51:57.004; - freemarker.cache [mainhread] - TemplateLoader.findTemplateSource("v3html/v3-html-index_en.ftl"): Not found
DEBUG main - 2021-08-31 18:51:57.005; - freemarker.cache [mainhread] - TemplateLoader.findTemplateSource("v3html/v3-html-index.ftl"): Found
DEBUG main - 2021-08-31 18:51:57.006; - freemarker.cache [mainhread] - Loading template for "v3html/v3-html-index.ftl"("en", UTF-8, parsed) from "jar:file:/C:/Users/Sumit%20kalra/.m2/repository/com/aventstack/extentreports/4.0.9/extentreports-4.0.9.jar!/com/aventstack/extentreports/view/v3html/v3-html-index.ftl"
DEBUG main - 2021-08-31 18:51:57.038; - freemarker.cache [mainhread] - Couldn't find template in cache for "v3html/v3-html-head.ftl"("en", UTF-8, parsed); will try to load it.
DEBUG main - 2021-08-31 18:51:57.039; - freemarker.cache [mainhread] - TemplateLoader.findTemplateSource("v3html/v3-html-head_en.ftl"): Not found
DEBUG main - 2021-08-31 18:51:57.040; - freemarker.cache [mainhread] - TemplateLoader.findTemplateSource("v3html/v3-html-head.ftl"): Found
DEBUG main - 2021-08-31 18:51:57.041; - freemarker.cache [mainhread] - Loading template for "v3html/v3-html-head.ftl"("en", UTF-8, parsed) from "jar:file:/C:/Users/Sumit%20kalra/.m2/repository/com/aventstack/extentreports/4.0.9/extentreports-4.0.9.jar!/com/aventstack/extentreports/view/v3html/v3-html-head.ftl"
DEBUG main - 2021-08-31 18:51:57.045; - freemarker.cache [mainhread] - Couldn't find template in cache for "v3html/v3-html-nav.ftl"("en", UTF-8, parsed); will try to load it.
DEBUG main - 2021-08-31 18:51:57.046; - freemarker.cache [mainhread] - TemplateLoader.findTemplateSource("v3html/v3-html-nav_en.ftl"): Not found
DEBUG main - 2021-08-31 18:51:57.047; - freemarker.cache [mainhread] - TemplateLoader.findTemplateSource("v3html/v3-html-nav.ftl"): Found
DEBUG main - 2021-08-31 18:51:57.047; - freemarker.cache [mainhread] - Loading template for "v3html/v3-html-nav.ftl"("en", UTF-8, parsed) from "jar:file:/C:/Users/Sumit%20kalra/.m2/repository/com/aventstack/extentreports/4.0.9/extentreports-4.0.9.jar!/com/aventstack/extentreports/view/v3html/v3-html-nav.ftl"
DEBUG main - 2021-08-31 18:51:57.061; - freemarker.cache [mainhread] - Couldn't find template in cache for "v3html/test-view/v3-html-test-view.ftl"("en", UTF-8, parsed); will try to load it.
DEBUG main - 2021-08-31 18:51:57.063; - freemarker.cache [mainhread] - TemplateLoader.findTemplateSource("v3html/test-view/v3-html-test-view_en.ftl"): Not found
DEBUG main - 2021-08-31 18:51:57.064; - freemarker.cache [mainhread] - TemplateLoader.findTemplateSource("v3html/test-view/v3-html-test-view.ftl"): Found
DEBUG main - 2021-08-31 18:51:57.065; - freemarker.cache [mainhread] - Loading template for "v3html/test-view/v3-html-test-view.ftl"("en", UTF-8, parsed) from "jar:file:/C:/Users/Sumit%20kalra/.m2/repository/com/aventstack/extentreports/4.0.9/extentreports-4.0.9.jar!/com/aventstack/extentreports/view/v3html/test-view/v3-html-test-view.ftl"
DEBUG main - 2021-08-31 18:51:57.080; - freemarker.cache [mainhread] - Couldn't find template in cache for "v3html/test-view/v3-html-test-view-charts.ftl"("en", UTF-8, parsed); will try to load it.
DEBUG main - 2021-08-31 18:51:57.081; - freemarker.cache [mainhread] - TemplateLoader.findTemplateSource("v3html/test-view/v3-html-test-view-charts_en.ftl"): Not found
DEBUG main - 2021-08-31 18:51:57.082; - freemarker.cache [mainhread] - TemplateLoader.findTemplateSource("v3html/test-view/v3-html-test-view-charts.ftl"): Found
DEBUG main - 2021-08-31 18:51:57.082; - freemarker.cache [mainhread] - Loading template for "v3html/test-view/v3-html-test-view-charts.ftl"("en", UTF-8, parsed) from "jar:file:/C:/Users/Sumit%20kalra/.m2/repository/com/aventstack/extentreports/4.0.9/extentreports-4.0.9.jar!/com/aventstack/extentreports/view/v3html/test-view/v3-html-test-view-charts.ftl"
DEBUG main - 2021-08-31 18:51:57.091; - freemarker.cache [mainhread] - Couldn't find template in cache for "v3html/test-view/v3-html-standard.ftl"("en", UTF-8, parsed); will try to load it.
DEBUG main - 2021-08-31 18:51:57.093; - freemarker.cache [mainhread] - TemplateLoader.findTemplateSource("v3html/test-view/v3-html-standard_en.ftl"): Not found
DEBUG main - 2021-08-31 18:51:57.094; - freemarker.cache [mainhread] - TemplateLoader.findTemplateSource("v3html/test-view/v3-html-standard.ftl"): Found
DEBUG main - 2021-08-31 18:51:57.095; - freemarker.cache [mainhread] - Loading template for "v3html/test-view/v3-html-standard.ftl"("en", UTF-8, parsed) from "jar:file:/C:/Users/Sumit%20kalra/.m2/repository/com/aventstack/extentreports/4.0.9/extentreports-4.0.9.jar!/com/aventstack/extentreports/view/v3html/test-view/v3-html-standard.ftl"
DEBUG main - 2021-08-31 18:51:57.110; - freemarker.cache [mainhread] - Couldn't find template in cache for "v3html/category-view/v3-html-category-view.ftl"("en", UTF-8, parsed); will try to load it.
DEBUG main - 2021-08-31 18:51:57.111; - freemarker.cache [mainhread] - TemplateLoader.findTemplateSource("v3html/category-view/v3-html-category-view_en.ftl"): Not found
DEBUG main - 2021-08-31 18:51:57.112; - freemarker.cache [mainhread] - TemplateLoader.findTemplateSource("v3html/category-view/v3-html-category-view.ftl"): Found
DEBUG main - 2021-08-31 18:51:57.112; - freemarker.cache [mainhread] - Loading template for "v3html/category-view/v3-html-category-view.ftl"("en", UTF-8, parsed) from "jar:file:/C:/Users/Sumit%20kalra/.m2/repository/com/aventstack/extentreports/4.0.9/extentreports-4.0.9.jar!/com/aventstack/extentreports/view/v3html/category-view/v3-html-category-view.ftl"
DEBUG main - 2021-08-31 18:51:57.118; - freemarker.cache [mainhread] - Couldn't find template in cache for "v3html/exception-view/v3-html-exception-view.ftl"("en", UTF-8, parsed); will try to load it.
DEBUG main - 2021-08-31 18:51:57.119; - freemarker.cache [mainhread] - TemplateLoader.findTemplateSource("v3html/exception-view/v3-html-exception-view_en.ftl"): Not found
DEBUG main - 2021-08-31 18:51:57.121; - freemarker.cache [mainhread] - TemplateLoader.findTemplateSource("v3html/exception-view/v3-html-exception-view.ftl"): Found
DEBUG main - 2021-08-31 18:51:57.121; - freemarker.cache [mainhread] - Loading template for "v3html/exception-view/v3-html-exception-view.ftl"("en", UTF-8, parsed) from "jar:file:/C:/Users/Sumit%20kalra/.m2/repository/com/aventstack/extentreports/4.0.9/extentreports-4.0.9.jar!/com/aventstack/extentreports/view/v3html/exception-view/v3-html-exception-view.ftl"
DEBUG main - 2021-08-31 18:51:57.127; - freemarker.cache [mainhread] - Couldn't find template in cache for "v3html/author-view/v3-html-author-view.ftl"("en", UTF-8, parsed); will try to load it.
DEBUG main - 2021-08-31 18:51:57.130; - freemarker.cache [mainhread] - TemplateLoader.findTemplateSource("v3html/author-view/v3-html-author-view_en.ftl"): Not found
DEBUG main - 2021-08-31 18:51:57.131; - freemarker.cache [mainhread] - TemplateLoader.findTemplateSource("v3html/author-view/v3-html-author-view.ftl"): Found
DEBUG main - 2021-08-31 18:51:57.132; - freemarker.cache [mainhread] - Loading template for "v3html/author-view/v3-html-author-view.ftl"("en", UTF-8, parsed) from "jar:file:/C:/Users/Sumit%20kalra/.m2/repository/com/aventstack/extentreports/4.0.9/extentreports-4.0.9.jar!/com/aventstack/extentreports/view/v3html/author-view/v3-html-author-view.ftl"
DEBUG main - 2021-08-31 18:51:57.140; - freemarker.cache [mainhread] - Couldn't find template in cache for "v3html/dashboard-view/v3-html-dashboard-view.ftl"("en", UTF-8, parsed); will try to load it.
DEBUG main - 2021-08-31 18:51:57.141; - freemarker.cache [mainhread] - TemplateLoader.findTemplateSource("v3html/dashboard-view/v3-html-dashboard-view_en.ftl"): Not found
DEBUG main - 2021-08-31 18:51:57.143; - freemarker.cache [mainhread] - TemplateLoader.findTemplateSource("v3html/dashboard-view/v3-html-dashboard-view.ftl"): Found
DEBUG main - 2021-08-31 18:51:57.143; - freemarker.cache [mainhread] - Loading template for "v3html/dashboard-view/v3-html-dashboard-view.ftl"("en", UTF-8, parsed) from "jar:file:/C:/Users/Sumit%20kalra/.m2/repository/com/aventstack/extentreports/4.0.9/extentreports-4.0.9.jar!/com/aventstack/extentreports/view/v3html/dashboard-view/v3-html-dashboard-view.ftl"
DEBUG main - 2021-08-31 18:51:57.155; - freemarker.cache [mainhread] - Couldn't find template in cache for "v3html/logs-view/v3-html-testrunner-logs-view.ftl"("en", UTF-8, parsed); will try to load it.
DEBUG main - 2021-08-31 18:51:57.156; - freemarker.cache [mainhread] - TemplateLoader.findTemplateSource("v3html/logs-view/v3-html-testrunner-logs-view_en.ftl"): Not found
DEBUG main - 2021-08-31 18:51:57.157; - freemarker.cache [mainhread] - TemplateLoader.findTemplateSource("v3html/logs-view/v3-html-testrunner-logs-view.ftl"): Found
DEBUG main - 2021-08-31 18:51:57.157; - freemarker.cache [mainhread] - Loading template for "v3html/logs-view/v3-html-testrunner-logs-view.ftl"("en", UTF-8, parsed) from "jar:file:/C:/Users/Sumit%20kalra/.m2/repository/com/aventstack/extentreports/4.0.9/extentreports-4.0.9.jar!/com/aventstack/extentreports/view/v3html/logs-view/v3-html-testrunner-logs-view.ftl"
DEBUG main - 2021-08-31 19:02:06.575; - freemarker.cache [mainhread] - Couldn't find template in cache for "spark/test.ftl"("en", UTF-8, parsed); will try to load it.
DEBUG main - 2021-08-31 19:02:06.581; - freemarker.cache [mainhread] - TemplateLoader.findTemplateSource("spark/test_en.ftl"): Not found
DEBUG main - 2021-08-31 19:02:06.584; - freemarker.cache [mainhread] - TemplateLoader.findTemplateSource("spark/test.ftl"): Found
DEBUG main - 2021-08-31 19:02:06.585; - freemarker.cache [mainhread] - Loading template for "spark/test.ftl"("en", UTF-8, parsed) from "jar:file:/C:/Windows/system32/config/systemprofile/.m2/repository/com/aventstack/extentreports/4.0.9/extentreports-4.0.9.jar!/com/aventstack/extentreports/view/spark/test.ftl"
DEBUG main - 2021-08-31 19:02:07.077; - freemarker.cache [mainhread] - Couldn't find template in cache for "commons/commons-variables.ftl"("en", UTF-8, parsed); will try to load it.
DEBUG main - 2021-08-31 19:02:07.078; - freemarker.cache [mainhread] - TemplateLoader.findTemplateSource("commons/commons-variables_en.ftl"): Not found
DEBUG main - 2021-08-31 19:02:07.079; - freemarker.cache [mainhread] - TemplateLoader.findTemplateSource("commons/commons-variables.ftl"): Found
DEBUG main - 2021-08-31 19:02:07.080; - freemarker.cache [mainhread] - Loading template for "commons/commons-variables.ftl"("en", UTF-8, parsed) from "jar:file:/C:/Windows/system32/config/systemprofile/.m2/repository/com/aventstack/extentreports/4.0.9/extentreports-4.0.9.jar!/com/aventstack/extentreports/view/commons/commons-variables.ftl"
DEBUG main - 2021-08-31 19:02:07.375; - freemarker.cache [mainhread] - Couldn't find template in cache for "commons/commons-macros.ftl"("en", UTF-8, parsed); will try to load it.
DEBUG main - 2021-08-31 19:02:07.377; - freemarker.cache [mainhread] - TemplateLoader.findTemplateSource("commons/commons-macros_en.ftl"): Not found
DEBUG main - 2021-08-31 19:02:07.381; - freemarker.cache [mainhread] - TemplateLoader.findTemplateSource("commons/commons-macros.ftl"): Found
DEBUG main - 2021-08-31 19:02:07.382; - freemarker.cache [mainhread] - Loading template for "commons/commons-macros.ftl"("en", UTF-8, parsed) from "jar:file:/C:/Windows/system32/config/systemprofile/.m2/repository/com/aventstack/extentreports/4.0.9/extentreports-4.0.9.jar!/com/aventstack/extentreports/view/commons/commons-macros.ftl"
DEBUG main - 2021-08-31 19:02:07.415; - freemarker.cache [mainhread] - Couldn't find template in cache for "spark/macros/attributes.ftl"("en", UTF-8, parsed); will try to load it.
DEBUG main - 2021-08-31 19:02:07.417; - freemarker.cache [mainhread] - TemplateLoader.findTemplateSource("spark/macros/attributes_en.ftl"): Not found
DEBUG main - 2021-08-31 19:02:07.420; - freemarker.cache [mainhread] - TemplateLoader.findTemplateSource("spark/macros/attributes.ftl"): Found
DEBUG main - 2021-08-31 19:02:07.423; - freemarker.cache [mainhread] - Loading template for "spark/macros/attributes.ftl"("en", UTF-8, parsed) from "jar:file:/C:/Windows/system32/config/systemprofile/.m2/repository/com/aventstack/extentreports/4.0.9/extentreports-4.0.9.jar!/com/aventstack/extentreports/view/spark/macros/attributes.ftl"
DEBUG main - 2021-08-31 19:02:07.477; - freemarker.cache [mainhread] - Couldn't find template in cache for "spark/macros/log.ftl"("en", UTF-8, parsed); will try to load it.
DEBUG main - 2021-08-31 19:02:07.478; - freemarker.cache [mainhread] - TemplateLoader.findTemplateSource("spark/macros/log_en.ftl"): Not found
DEBUG main - 2021-08-31 19:02:07.479; - freemarker.cache [mainhread] - TemplateLoader.findTemplateSource("spark/macros/log.ftl"): Found
DEBUG main - 2021-08-31 19:02:07.502; - freemarker.cache [mainhread] - Loading template for "spark/macros/log.ftl"("en", UTF-8, parsed) from "jar:file:/C:/Windows/system32/config/systemprofile/.m2/repository/com/aventstack/extentreports/4.0.9/extentreports-4.0.9.jar!/com/aventstack/extentreports/view/spark/macros/log.ftl"
DEBUG main - 2021-08-31 19:02:07.512; - freemarker.cache [mainhread] - Couldn't find template in cache for "spark/macros/recurse_nodes.ftl"("en", UTF-8, parsed); will try to load it.
DEBUG main - 2021-08-31 19:02:07.514; - freemarker.cache [mainhread] - TemplateLoader.findTemplateSource("spark/macros/recurse_nodes_en.ftl"): Not found
DEBUG main - 2021-08-31 19:02:07.517; - freemarker.cache [mainhread] - TemplateLoader.findTemplateSource("spark/macros/recurse_nodes.ftl"): Found
DEBUG main - 2021-08-31 19:02:07.518; - freemarker.cache [mainhread] - Loading template for "spark/macros/recurse_nodes.ftl"("en", UTF-8, parsed) from "jar:file:/C:/Windows/system32/config/systemprofile/.m2/repository/com/aventstack/extentreports/4.0.9/extentreports-4.0.9.jar!/com/aventstack/extentreports/view/spark/macros/recurse_nodes.ftl"
DEBUG main - 2021-08-31 19:02:07.527; - freemarker.cache [mainhread] - "spark/macros/log.ftl"("en", UTF-8, parsed) cached copy not yet stale; using cached.
DEBUG main - 2021-08-31 19:02:07.575; - freemarker.cache [mainhread] - Couldn't find template in cache for "spark/partials/head.ftl"("en", UTF-8, parsed); will try to load it.
DEBUG main - 2021-08-31 19:02:07.576; - freemarker.cache [mainhread] - TemplateLoader.findTemplateSource("spark/partials/head_en.ftl"): Not found
DEBUG main - 2021-08-31 19:02:07.578; - freemarker.cache [mainhread] - TemplateLoader.findTemplateSource("spark/partials/head.ftl"): Found
DEBUG main - 2021-08-31 19:02:07.641; - freemarker.cache [mainhread] - Loading template for "spark/partials/head.ftl"("en", UTF-8, parsed) from "jar:file:/C:/Windows/system32/config/systemprofile/.m2/repository/com/aventstack/extentreports/4.0.9/extentreports-4.0.9.jar!/com/aventstack/extentreports/view/spark/partials/head.ftl"
DEBUG main - 2021-08-31 19:02:07.645; - freemarker.cache [mainhread] - Couldn't find template in cache for "commons/commons-inject-css.ftl"("en", UTF-8, parsed); will try to load it.
DEBUG main - 2021-08-31 19:02:07.647; - freemarker.cache [mainhread] - TemplateLoader.findTemplateSource("commons/commons-inject-css_en.ftl"): Not found
DEBUG main - 2021-08-31 19:02:07.648; - freemarker.cache [mainhread] - TemplateLoader.findTemplateSource("commons/commons-inject-css.ftl"): Found
DEBUG main - 2021-08-31 19:02:07.650; - freemarker.cache [mainhread] - Loading template for "commons/commons-inject-css.ftl"("en", UTF-8, parsed) from "jar:file:/C:/Windows/system32/config/systemprofile/.m2/repository/com/aventstack/extentreports/4.0.9/extentreports-4.0.9.jar!/com/aventstack/extentreports/view/commons/commons-inject-css.ftl"
DEBUG main - 2021-08-31 19:02:07.652; - freemarker.cache [mainhread] - Couldn't find template in cache for "spark/partials/navbar.ftl"("en", UTF-8, parsed); will try to load it.
DEBUG main - 2021-08-31 19:02:07.663; - freemarker.cache [mainhread] - TemplateLoader.findTemplateSource("spark/partials/navbar_en.ftl"): Not found
DEBUG main - 2021-08-31 19:02:07.665; - freemarker.cache [mainhread] - TemplateLoader.findTemplateSource("spark/partials/navbar.ftl"): Found
DEBUG main - 2021-08-31 19:02:07.666; - freemarker.cache [mainhread] - Loading template for "spark/partials/navbar.ftl"("en", UTF-8, parsed) from "jar:file:/C:/Windows/system32/config/systemprofile/.m2/repository/com/aventstack/extentreports/4.0.9/extentreports-4.0.9.jar!/com/aventstack/extentreports/view/spark/partials/navbar.ftl"
DEBUG main - 2021-08-31 19:02:07.684; - freemarker.cache [mainhread] - Couldn't find template in cache for "spark/partials/sidenav.ftl"("en", UTF-8, parsed); will try to load it.
DEBUG main - 2021-08-31 19:02:07.690; - freemarker.cache [mainhread] - TemplateLoader.findTemplateSource("spark/partials/sidenav_en.ftl"): Not found
DEBUG main - 2021-08-31 19:02:07.691; - freemarker.cache [mainhread] - TemplateLoader.findTemplateSource("spark/partials/sidenav.ftl"): Found
DEBUG main - 2021-08-31 19:02:07.692; - freemarker.cache [mainhread] - Loading template for "spark/partials/sidenav.ftl"("en", UTF-8, parsed) from "jar:file:/C:/Windows/system32/config/systemprofile/.m2/repository/com/aventstack/extentreports/4.0.9/extentreports-4.0.9.jar!/com/aventstack/extentreports/view/spark/partials/sidenav.ftl"
DEBUG main - 2021-08-31 19:02:07.752; - freemarker.cache [mainhread] - Couldn't find template in cache for "spark/partials/standard-content.ftl"("en", UTF-8, parsed); will try to load it.
DEBUG main - 2021-08-31 19:02:07.764; - freemarker.cache [mainhread] - TemplateLoader.findTemplateSource("spark/partials/standard-content_en.ftl"): Not found
DEBUG main - 2021-08-31 19:02:07.766; - freemarker.cache [mainhread] - TemplateLoader.findTemplateSource("spark/partials/standard-content.ftl"): Found
DEBUG main - 2021-08-31 19:02:07.766; - freemarker.cache [mainhread] - Loading template for "spark/partials/standard-content.ftl"("en", UTF-8, parsed) from "jar:file:/C:/Windows/system32/config/systemprofile/.m2/repository/com/aventstack/extentreports/4.0.9/extentreports-4.0.9.jar!/com/aventstack/extentreports/view/spark/partials/standard-content.ftl"
DEBUG main - 2021-08-31 19:02:07.815; - freemarker.cache [mainhread] - Couldn't find template in cache for "spark/partials/scripts.ftl"("en", UTF-8, parsed); will try to load it.
DEBUG main - 2021-08-31 19:02:07.816; - freemarker.cache [mainhread] - TemplateLoader.findTemplateSource("spark/partials/scripts_en.ftl"): Not found
DEBUG main - 2021-08-31 19:02:07.826; - freemarker.cache [mainhread] - TemplateLoader.findTemplateSource("spark/partials/scripts.ftl"): Found
DEBUG main - 2021-08-31 19:02:07.826; - freemarker.cache [mainhread] - Loading template for "spark/partials/scripts.ftl"("en", UTF-8, parsed) from "jar:file:/C:/Windows/system32/config/systemprofile/.m2/repository/com/aventstack/extentreports/4.0.9/extentreports-4.0.9.jar!/com/aventstack/extentreports/view/spark/partials/scripts.ftl"
DEBUG main - 2021-08-31 19:02:07.833; - freemarker.cache [mainhread] - Couldn't find template in cache for "spark/dashboard.ftl"("en", UTF-8, parsed); will try to load it.
DEBUG main - 2021-08-31 19:02:07.834; - freemarker.cache [mainhread] - TemplateLoader.findTemplateSource("spark/dashboard_en.ftl"): Not found
DEBUG main - 2021-08-31 19:02:07.836; - freemarker.cache [mainhread] - TemplateLoader.findTemplateSource("spark/dashboard.ftl"): Found
DEBUG main - 2021-08-31 19:02:07.838; - freemarker.cache [mainhread] - Loading template for "spark/dashboard.ftl"("en", UTF-8, parsed) from "jar:file:/C:/Windows/system32/config/systemprofile/.m2/repository/com/aventstack/extentreports/4.0.9/extentreports-4.0.9.jar!/com/aventstack/extentreports/view/spark/dashboard.ftl"
DEBUG main - 2021-08-31 19:02:07.933; - freemarker.cache [mainhread] - Couldn't find template in cache for "commons/commons-variables.ftl"("en", UTF-8, parsed); will try to load it.
DEBUG main - 2021-08-31 19:02:07.934; - freemarker.cache [mainhread] - TemplateLoader.findTemplateSource("commons/commons-variables_en.ftl"): Not found
DEBUG main - 2021-08-31 19:02:07.939; - freemarker.cache [mainhread] - TemplateLoader.findTemplateSource("commons/commons-variables.ftl"): Found
DEBUG main - 2021-08-31 19:02:07.940; - freemarker.cache [mainhread] - Loading template for "commons/commons-variables.ftl"("en", UTF-8, parsed) from "jar:file:/C:/Windows/system32/config/systemprofile/.m2/repository/com/aventstack/extentreports/4.0.9/extentreports-4.0.9.jar!/com/aventstack/extentreports/view/commons/commons-variables.ftl"
DEBUG main - 2021-08-31 19:02:07.974; - freemarker.cache [mainhread] - Couldn't find template in cache for "spark/partials/head.ftl"("en", UTF-8, parsed); will try to load it.
DEBUG main - 2021-08-31 19:02:07.979; - freemarker.cache [mainhread] - TemplateLoader.findTemplateSource("spark/partials/head_en.ftl"): Not found
DEBUG main - 2021-08-31 19:02:07.980; - freemarker.cache [mainhread] - TemplateLoader.findTemplateSource("spark/partials/head.ftl"): Found
DEBUG main - 2021-08-31 19:02:07.984; - freemarker.cache [mainhread] - Loading template for "spark/partials/head.ftl"("en", UTF-8, parsed) from "jar:file:/C:/Windows/system32/config/systemprofile/.m2/repository/com/aventstack/extentreports/4.0.9/extentreports-4.0.9.jar!/com/aventstack/extentreports/view/spark/partials/head.ftl"
DEBUG main - 2021-08-31 19:02:07.989; - freemarker.cache [mainhread] - Couldn't find template in cache for "commons/commons-inject-css.ftl"("en", UTF-8, parsed); will try to load it.
DEBUG main - 2021-08-31 19:02:07.990; - freemarker.cache [mainhread] - TemplateLoader.findTemplateSource("commons/commons-inject-css_en.ftl"): Not found
DEBUG main - 2021-08-31 19:02:07.992; - freemarker.cache [mainhread] - TemplateLoader.findTemplateSource("commons/commons-inject-css.ftl"): Found
DEBUG main - 2021-08-31 19:02:07.995; - freemarker.cache [mainhread] - Loading template for "commons/commons-inject-css.ftl"("en", UTF-8, parsed) from "jar:file:/C:/Windows/system32/config/systemprofile/.m2/repository/com/aventstack/extentreports/4.0.9/extentreports-4.0.9.jar!/com/aventstack/extentreports/view/commons/commons-inject-css.ftl"
DEBUG main - 2021-08-31 19:02:08.026; - freemarker.cache [mainhread] - Couldn't find template in cache for "spark/partials/navbar.ftl"("en", UTF-8, parsed); will try to load it.
DEBUG main - 2021-08-31 19:02:08.028; - freemarker.cache [mainhread] - TemplateLoader.findTemplateSource("spark/partials/navbar_en.ftl"): Not found
DEBUG main - 2021-08-31 19:02:08.029; - freemarker.cache [mainhread] - TemplateLoader.findTemplateSource("spark/partials/navbar.ftl"): Found
DEBUG main - 2021-08-31 19:02:08.030; - freemarker.cache [mainhread] - Loading template for "spark/partials/navbar.ftl"("en", UTF-8, parsed) from "jar:file:/C:/Windows/system32/config/systemprofile/.m2/repository/com/aventstack/extentreports/4.0.9/extentreports-4.0.9.jar!/com/aventstack/extentreports/view/spark/partials/navbar.ftl"
DEBUG main - 2021-08-31 19:02:08.034; - freemarker.cache [mainhread] - Couldn't find template in cache for "spark/partials/sidenav.ftl"("en", UTF-8, parsed); will try to load it.
DEBUG main - 2021-08-31 19:02:08.035; - freemarker.cache [mainhread] - TemplateLoader.findTemplateSource("spark/partials/sidenav_en.ftl"): Not found
DEBUG main - 2021-08-31 19:02:08.035; - freemarker.cache [mainhread] - TemplateLoader.findTemplateSource("spark/partials/sidenav.ftl"): Found
DEBUG main - 2021-08-31 19:02:08.040; - freemarker.cache [mainhread] - Loading template for "spark/partials/sidenav.ftl"("en", UTF-8, parsed) from "jar:file:/C:/Windows/system32/config/systemprofile/.m2/repository/com/aventstack/extentreports/4.0.9/extentreports-4.0.9.jar!/com/aventstack/extentreports/view/spark/partials/sidenav.ftl"
DEBUG main - 2021-08-31 19:02:08.055; - freemarker.cache [mainhread] - Couldn't find template in cache for "spark/partials/scripts.ftl"("en", UTF-8, parsed); will try to load it.
DEBUG main - 2021-08-31 19:02:08.056; - freemarker.cache [mainhread] - TemplateLoader.findTemplateSource("spark/partials/scripts_en.ftl"): Not found
DEBUG main - 2021-08-31 19:02:08.057; - freemarker.cache [mainhread] - TemplateLoader.findTemplateSource("spark/partials/scripts.ftl"): Found
DEBUG main - 2021-08-31 19:02:08.058; - freemarker.cache [mainhread] - Loading template for "spark/partials/scripts.ftl"("en", UTF-8, parsed) from "jar:file:/C:/Windows/system32/config/systemprofile/.m2/repository/com/aventstack/extentreports/4.0.9/extentreports-4.0.9.jar!/com/aventstack/extentreports/view/spark/partials/scripts.ftl"
DEBUG main - 2021-08-31 19:02:08.379; - freemarker.cache [mainhread] - Couldn't find template in cache for "v3html/v3-html-index.ftl"("en", UTF-8, parsed); will try to load it.
DEBUG main - 2021-08-31 19:02:08.380; - freemarker.cache [mainhread] - TemplateLoader.findTemplateSource("v3html/v3-html-index_en.ftl"): Not found
DEBUG main - 2021-08-31 19:02:08.381; - freemarker.cache [mainhread] - TemplateLoader.findTemplateSource("v3html/v3-html-index.ftl"): Found
DEBUG main - 2021-08-31 19:02:08.381; - freemarker.cache [mainhread] - Loading template for "v3html/v3-html-index.ftl"("en", UTF-8, parsed) from "jar:file:/C:/Windows/system32/config/systemprofile/.m2/repository/com/aventstack/extentreports/4.0.9/extentreports-4.0.9.jar!/com/aventstack/extentreports/view/v3html/v3-html-index.ftl"
DEBUG main - 2021-08-31 19:02:08.398; - freemarker.cache [mainhread] - Couldn't find template in cache for "v3html/v3-html-head.ftl"("en", UTF-8, parsed); will try to load it.
DEBUG main - 2021-08-31 19:02:08.399; - freemarker.cache [mainhread] - TemplateLoader.findTemplateSource("v3html/v3-html-head_en.ftl"): Not found
DEBUG main - 2021-08-31 19:02:08.400; - freemarker.cache [mainhread] - TemplateLoader.findTemplateSource("v3html/v3-html-head.ftl"): Found
DEBUG main - 2021-08-31 19:02:08.400; - freemarker.cache [mainhread] - Loading template for "v3html/v3-html-head.ftl"("en", UTF-8, parsed) from "jar:file:/C:/Windows/system32/config/systemprofile/.m2/repository/com/aventstack/extentreports/4.0.9/extentreports-4.0.9.jar!/com/aventstack/extentreports/view/v3html/v3-html-head.ftl"
DEBUG main - 2021-08-31 19:02:08.405; - freemarker.cache [mainhread] - Couldn't find template in cache for "v3html/v3-html-nav.ftl"("en", UTF-8, parsed); will try to load it.
DEBUG main - 2021-08-31 19:02:08.406; - freemarker.cache [mainhread] - TemplateLoader.findTemplateSource("v3html/v3-html-nav_en.ftl"): Not found
DEBUG main - 2021-08-31 19:02:08.406; - freemarker.cache [mainhread] - TemplateLoader.findTemplateSource("v3html/v3-html-nav.ftl"): Found
DEBUG main - 2021-08-31 19:02:08.407; - freemarker.cache [mainhread] - Loading template for "v3html/v3-html-nav.ftl"("en", UTF-8, parsed) from "jar:file:/C:/Windows/system32/config/systemprofile/.m2/repository/com/aventstack/extentreports/4.0.9/extentreports-4.0.9.jar!/com/aventstack/extentreports/view/v3html/v3-html-nav.ftl"
DEBUG main - 2021-08-31 19:02:08.449; - freemarker.cache [mainhread] - Couldn't find template in cache for "v3html/test-view/v3-html-test-view.ftl"("en", UTF-8, parsed); will try to load it.
DEBUG main - 2021-08-31 19:02:08.452; - freemarker.cache [mainhread] - TemplateLoader.findTemplateSource("v3html/test-view/v3-html-test-view_en.ftl"): Not found
DEBUG main - 2021-08-31 19:02:08.461; - freemarker.cache [mainhread] - TemplateLoader.findTemplateSource("v3html/test-view/v3-html-test-view.ftl"): Found
DEBUG main - 2021-08-31 19:02:08.462; - freemarker.cache [mainhread] - Loading template for "v3html/test-view/v3-html-test-view.ftl"("en", UTF-8, parsed) from "jar:file:/C:/Windows/system32/config/systemprofile/.m2/repository/com/aventstack/extentreports/4.0.9/extentreports-4.0.9.jar!/com/aventstack/extentreports/view/v3html/test-view/v3-html-test-view.ftl"
DEBUG main - 2021-08-31 19:02:08.476; - freemarker.cache [mainhread] - Couldn't find template in cache for "v3html/test-view/v3-html-test-view-charts.ftl"("en", UTF-8, parsed); will try to load it.
DEBUG main - 2021-08-31 19:02:08.478; - freemarker.cache [mainhread] - TemplateLoader.findTemplateSource("v3html/test-view/v3-html-test-view-charts_en.ftl"): Not found
DEBUG main - 2021-08-31 19:02:08.481; - freemarker.cache [mainhread] - TemplateLoader.findTemplateSource("v3html/test-view/v3-html-test-view-charts.ftl"): Found
DEBUG main - 2021-08-31 19:02:08.483; - freemarker.cache [mainhread] - Loading template for "v3html/test-view/v3-html-test-view-charts.ftl"("en", UTF-8, parsed) from "jar:file:/C:/Windows/system32/config/systemprofile/.m2/repository/com/aventstack/extentreports/4.0.9/extentreports-4.0.9.jar!/com/aventstack/extentreports/view/v3html/test-view/v3-html-test-view-charts.ftl"
DEBUG main - 2021-08-31 19:02:08.505; - freemarker.cache [mainhread] - Couldn't find template in cache for "v3html/test-view/v3-html-standard.ftl"("en", UTF-8, parsed); will try to load it.
DEBUG main - 2021-08-31 19:02:08.506; - freemarker.cache [mainhread] - TemplateLoader.findTemplateSource("v3html/test-view/v3-html-standard_en.ftl"): Not found
DEBUG main - 2021-08-31 19:02:08.516; - freemarker.cache [mainhread] - TemplateLoader.findTemplateSource("v3html/test-view/v3-html-standard.ftl"): Found
DEBUG main - 2021-08-31 19:02:08.516; - freemarker.cache [mainhread] - Loading template for "v3html/test-view/v3-html-standard.ftl"("en", UTF-8, parsed) from "jar:file:/C:/Windows/system32/config/systemprofile/.m2/repository/com/aventstack/extentreports/4.0.9/extentreports-4.0.9.jar!/com/aventstack/extentreports/view/v3html/test-view/v3-html-standard.ftl"
DEBUG main - 2021-08-31 19:02:08.544; - freemarker.cache [mainhread] - Couldn't find template in cache for "v3html/category-view/v3-html-category-view.ftl"("en", UTF-8, parsed); will try to load it.
DEBUG main - 2021-08-31 19:02:08.549; - freemarker.cache [mainhread] - TemplateLoader.findTemplateSource("v3html/category-view/v3-html-category-view_en.ftl"): Not found
DEBUG main - 2021-08-31 19:02:08.550; - freemarker.cache [mainhread] - TemplateLoader.findTemplateSource("v3html/category-view/v3-html-category-view.ftl"): Found
DEBUG main - 2021-08-31 19:02:08.550; - freemarker.cache [mainhread] - Loading template for "v3html/category-view/v3-html-category-view.ftl"("en", UTF-8, parsed) from "jar:file:/C:/Windows/system32/config/systemprofile/.m2/repository/com/aventstack/extentreports/4.0.9/extentreports-4.0.9.jar!/com/aventstack/extentreports/view/v3html/category-view/v3-html-category-view.ftl"
DEBUG main - 2021-08-31 19:02:08.561; - freemarker.cache [mainhread] - Couldn't find template in cache for "v3html/exception-view/v3-html-exception-view.ftl"("en", UTF-8, parsed); will try to load it.
DEBUG main - 2021-08-31 19:02:08.562; - freemarker.cache [mainhread] - TemplateLoader.findTemplateSource("v3html/exception-view/v3-html-exception-view_en.ftl"): Not found
DEBUG main - 2021-08-31 19:02:08.563; - freemarker.cache [mainhread] - TemplateLoader.findTemplateSource("v3html/exception-view/v3-html-exception-view.ftl"): Found
DEBUG main - 2021-08-31 19:02:08.564; - freemarker.cache [mainhread] - Loading template for "v3html/exception-view/v3-html-exception-view.ftl"("en", UTF-8, parsed) from "jar:file:/C:/Windows/system32/config/systemprofile/.m2/repository/com/aventstack/extentreports/4.0.9/extentreports-4.0.9.jar!/com/aventstack/extentreports/view/v3html/exception-view/v3-html-exception-view.ftl"
DEBUG main - 2021-08-31 19:02:08.572; - freemarker.cache [mainhread] - Couldn't find template in cache for "v3html/author-view/v3-html-author-view.ftl"("en", UTF-8, parsed); will try to load it.
DEBUG main - 2021-08-31 19:02:08.574; - freemarker.cache [mainhread] - TemplateLoader.findTemplateSource("v3html/author-view/v3-html-author-view_en.ftl"): Not found
DEBUG main - 2021-08-31 19:02:08.575; - freemarker.cache [mainhread] - TemplateLoader.findTemplateSource("v3html/author-view/v3-html-author-view.ftl"): Found
DEBUG main - 2021-08-31 19:02:08.576; - freemarker.cache [mainhread] - Loading template for "v3html/author-view/v3-html-author-view.ftl"("en", UTF-8, parsed) from "jar:file:/C:/Windows/system32/config/systemprofile/.m2/repository/com/aventstack/extentreports/4.0.9/extentreports-4.0.9.jar!/com/aventstack/extentreports/view/v3html/author-view/v3-html-author-view.ftl"
DEBUG main - 2021-08-31 19:02:08.581; - freemarker.cache [mainhread] - Couldn't find template in cache for "v3html/dashboard-view/v3-html-dashboard-view.ftl"("en", UTF-8, parsed); will try to load it.
DEBUG main - 2021-08-31 19:02:08.582; - freemarker.cache [mainhread] - TemplateLoader.findTemplateSource("v3html/dashboard-view/v3-html-dashboard-view_en.ftl"): Not found
DEBUG main - 2021-08-31 19:02:08.583; - freemarker.cache [mainhread] - TemplateLoader.findTemplateSource("v3html/dashboard-view/v3-html-dashboard-view.ftl"): Found
DEBUG main - 2021-08-31 19:02:08.584; - freemarker.cache [mainhread] - Loading template for "v3html/dashboard-view/v3-html-dashboard-view.ftl"("en", UTF-8, parsed) from "jar:file:/C:/Windows/system32/config/systemprofile/.m2/repository/com/aventstack/extentreports/4.0.9/extentreports-4.0.9.jar!/com/aventstack/extentreports/view/v3html/dashboard-view/v3-html-dashboard-view.ftl"
DEBUG main - 2021-08-31 19:02:08.597; - freemarker.cache [mainhread] - Couldn't find template in cache for "v3html/logs-view/v3-html-testrunner-logs-view.ftl"("en", UTF-8, parsed); will try to load it.
DEBUG main - 2021-08-31 19:02:08.598; - freemarker.cache [mainhread] - TemplateLoader.findTemplateSource("v3html/logs-view/v3-html-testrunner-logs-view_en.ftl"): Not found
DEBUG main - 2021-08-31 19:02:08.599; - freemarker.cache [mainhread] - TemplateLoader.findTemplateSource("v3html/logs-view/v3-html-testrunner-logs-view.ftl"): Found
DEBUG main - 2021-08-31 19:02:08.599; - freemarker.cache [mainhread] - Loading template for "v3html/logs-view/v3-html-testrunner-logs-view.ftl"("en", UTF-8, parsed) from "jar:file:/C:/Windows/system32/config/systemprofile/.m2/repository/com/aventstack/extentreports/4.0.9/extentreports-4.0.9.jar!/com/aventstack/extentreports/view/v3html/logs-view/v3-html-testrunner-logs-view.ftl"
 INFO main - 2021-09-01 11:42:26.070; - devpinoyLogger [mainhread] - Navigating to https://accounts.zoho.com/signin?servicename=ZohoHome&signupurl=https://www.zoho.com/signup.html&serviceurl=https://www.zoho.com/all-products.html&ireft=nhome&src=all-products-header
DEBUG main - 2021-09-01 11:42:27.245; - freemarker.cache [mainhread] - Couldn't find template in cache for "spark/test.ftl"("en", UTF-8, parsed); will try to load it.
DEBUG main - 2021-09-01 11:42:27.247; - freemarker.cache [mainhread] - TemplateLoader.findTemplateSource("spark/test_en.ftl"): Not found
DEBUG main - 2021-09-01 11:42:27.250; - freemarker.cache [mainhread] - TemplateLoader.findTemplateSource("spark/test.ftl"): Found
DEBUG main - 2021-09-01 11:42:27.251; - freemarker.cache [mainhread] - Loading template for "spark/test.ftl"("en", UTF-8, parsed) from "jar:file:/C:/Users/Sumit%20kalra/.m2/repository/com/aventstack/extentreports/4.0.9/extentreports-4.0.9.jar!/com/aventstack/extentreports/view/spark/test.ftl"
DEBUG main - 2021-09-01 11:42:27.430; - freemarker.cache [mainhread] - Couldn't find template in cache for "commons/commons-variables.ftl"("en", UTF-8, parsed); will try to load it.
DEBUG main - 2021-09-01 11:42:27.431; - freemarker.cache [mainhread] - TemplateLoader.findTemplateSource("commons/commons-variables_en.ftl"): Not found
DEBUG main - 2021-09-01 11:42:27.432; - freemarker.cache [mainhread] - TemplateLoader.findTemplateSource("commons/commons-variables.ftl"): Found
DEBUG main - 2021-09-01 11:42:27.432; - freemarker.cache [mainhread] - Loading template for "commons/commons-variables.ftl"("en", UTF-8, parsed) from "jar:file:/C:/Users/Sumit%20kalra/.m2/repository/com/aventstack/extentreports/4.0.9/extentreports-4.0.9.jar!/com/aventstack/extentreports/view/commons/commons-variables.ftl"
DEBUG main - 2021-09-01 11:42:27.516; - freemarker.cache [mainhread] - Couldn't find template in cache for "commons/commons-macros.ftl"("en", UTF-8, parsed); will try to load it.
DEBUG main - 2021-09-01 11:42:27.517; - freemarker.cache [mainhread] - TemplateLoader.findTemplateSource("commons/commons-macros_en.ftl"): Not found
DEBUG main - 2021-09-01 11:42:27.519; - freemarker.cache [mainhread] - TemplateLoader.findTemplateSource("commons/commons-macros.ftl"): Found
DEBUG main - 2021-09-01 11:42:27.519; - freemarker.cache [mainhread] - Loading template for "commons/commons-macros.ftl"("en", UTF-8, parsed) from "jar:file:/C:/Users/Sumit%20kalra/.m2/repository/com/aventstack/extentreports/4.0.9/extentreports-4.0.9.jar!/com/aventstack/extentreports/view/commons/commons-macros.ftl"
DEBUG main - 2021-09-01 11:42:27.529; - freemarker.cache [mainhread] - Couldn't find template in cache for "spark/macros/attributes.ftl"("en", UTF-8, parsed); will try to load it.
DEBUG main - 2021-09-01 11:42:27.531; - freemarker.cache [mainhread] - TemplateLoader.findTemplateSource("spark/macros/attributes_en.ftl"): Not found
DEBUG main - 2021-09-01 11:42:27.533; - freemarker.cache [mainhread] - TemplateLoader.findTemplateSource("spark/macros/attributes.ftl"): Found
DEBUG main - 2021-09-01 11:42:27.534; - freemarker.cache [mainhread] - Loading template for "spark/macros/attributes.ftl"("en", UTF-8, parsed) from "jar:file:/C:/Users/Sumit%20kalra/.m2/repository/com/aventstack/extentreports/4.0.9/extentreports-4.0.9.jar!/com/aventstack/extentreports/view/spark/macros/attributes.ftl"
DEBUG main - 2021-09-01 11:42:27.536; - freemarker.cache [mainhread] - Couldn't find template in cache for "spark/macros/log.ftl"("en", UTF-8, parsed); will try to load it.
DEBUG main - 2021-09-01 11:42:27.537; - freemarker.cache [mainhread] - TemplateLoader.findTemplateSource("spark/macros/log_en.ftl"): Not found
DEBUG main - 2021-09-01 11:42:27.540; - freemarker.cache [mainhread] - TemplateLoader.findTemplateSource("spark/macros/log.ftl"): Found
DEBUG main - 2021-09-01 11:42:27.541; - freemarker.cache [mainhread] - Loading template for "spark/macros/log.ftl"("en", UTF-8, parsed) from "jar:file:/C:/Users/Sumit%20kalra/.m2/repository/com/aventstack/extentreports/4.0.9/extentreports-4.0.9.jar!/com/aventstack/extentreports/view/spark/macros/log.ftl"
DEBUG main - 2021-09-01 11:42:27.544; - freemarker.cache [mainhread] - Couldn't find template in cache for "spark/macros/recurse_nodes.ftl"("en", UTF-8, parsed); will try to load it.
DEBUG main - 2021-09-01 11:42:27.545; - freemarker.cache [mainhread] - TemplateLoader.findTemplateSource("spark/macros/recurse_nodes_en.ftl"): Not found
DEBUG main - 2021-09-01 11:42:27.548; - freemarker.cache [mainhread] - TemplateLoader.findTemplateSource("spark/macros/recurse_nodes.ftl"): Found
DEBUG main - 2021-09-01 11:42:27.548; - freemarker.cache [mainhread] - Loading template for "spark/macros/recurse_nodes.ftl"("en", UTF-8, parsed) from "jar:file:/C:/Users/Sumit%20kalra/.m2/repository/com/aventstack/extentreports/4.0.9/extentreports-4.0.9.jar!/com/aventstack/extentreports/view/spark/macros/recurse_nodes.ftl"
DEBUG main - 2021-09-01 11:42:27.551; - freemarker.cache [mainhread] - "spark/macros/log.ftl"("en", UTF-8, parsed) cached copy not yet stale; using cached.
DEBUG main - 2021-09-01 11:42:27.560; - freemarker.cache [mainhread] - Couldn't find template in cache for "spark/partials/head.ftl"("en", UTF-8, parsed); will try to load it.
DEBUG main - 2021-09-01 11:42:27.562; - freemarker.cache [mainhread] - TemplateLoader.findTemplateSource("spark/partials/head_en.ftl"): Not found
DEBUG main - 2021-09-01 11:42:27.563; - freemarker.cache [mainhread] - TemplateLoader.findTemplateSource("spark/partials/head.ftl"): Found
DEBUG main - 2021-09-01 11:42:27.563; - freemarker.cache [mainhread] - Loading template for "spark/partials/head.ftl"("en", UTF-8, parsed) from "jar:file:/C:/Users/Sumit%20kalra/.m2/repository/com/aventstack/extentreports/4.0.9/extentreports-4.0.9.jar!/com/aventstack/extentreports/view/spark/partials/head.ftl"
DEBUG main - 2021-09-01 11:42:27.566; - freemarker.cache [mainhread] - Couldn't find template in cache for "commons/commons-inject-css.ftl"("en", UTF-8, parsed); will try to load it.
DEBUG main - 2021-09-01 11:42:27.567; - freemarker.cache [mainhread] - TemplateLoader.findTemplateSource("commons/commons-inject-css_en.ftl"): Not found
DEBUG main - 2021-09-01 11:42:27.569; - freemarker.cache [mainhread] - TemplateLoader.findTemplateSource("commons/commons-inject-css.ftl"): Found
DEBUG main - 2021-09-01 11:42:27.569; - freemarker.cache [mainhread] - Loading template for "commons/commons-inject-css.ftl"("en", UTF-8, parsed) from "jar:file:/C:/Users/Sumit%20kalra/.m2/repository/com/aventstack/extentreports/4.0.9/extentreports-4.0.9.jar!/com/aventstack/extentreports/view/commons/commons-inject-css.ftl"
DEBUG main - 2021-09-01 11:42:27.571; - freemarker.cache [mainhread] - Couldn't find template in cache for "spark/partials/navbar.ftl"("en", UTF-8, parsed); will try to load it.
DEBUG main - 2021-09-01 11:42:27.572; - freemarker.cache [mainhread] - TemplateLoader.findTemplateSource("spark/partials/navbar_en.ftl"): Not found
DEBUG main - 2021-09-01 11:42:27.573; - freemarker.cache [mainhread] - TemplateLoader.findTemplateSource("spark/partials/navbar.ftl"): Found
DEBUG main - 2021-09-01 11:42:27.574; - freemarker.cache [mainhread] - Loading template for "spark/partials/navbar.ftl"("en", UTF-8, parsed) from "jar:file:/C:/Users/Sumit%20kalra/.m2/repository/com/aventstack/extentreports/4.0.9/extentreports-4.0.9.jar!/com/aventstack/extentreports/view/spark/partials/navbar.ftl"
DEBUG main - 2021-09-01 11:42:27.583; - freemarker.cache [mainhread] - Couldn't find template in cache for "spark/partials/sidenav.ftl"("en", UTF-8, parsed); will try to load it.
DEBUG main - 2021-09-01 11:42:27.584; - freemarker.cache [mainhread] - TemplateLoader.findTemplateSource("spark/partials/sidenav_en.ftl"): Not found
DEBUG main - 2021-09-01 11:42:27.585; - freemarker.cache [mainhread] - TemplateLoader.findTemplateSource("spark/partials/sidenav.ftl"): Found
DEBUG main - 2021-09-01 11:42:27.586; - freemarker.cache [mainhread] - Loading template for "spark/partials/sidenav.ftl"("en", UTF-8, parsed) from "jar:file:/C:/Users/Sumit%20kalra/.m2/repository/com/aventstack/extentreports/4.0.9/extentreports-4.0.9.jar!/com/aventstack/extentreports/view/spark/partials/sidenav.ftl"
DEBUG main - 2021-09-01 11:42:27.606; - freemarker.cache [mainhread] - Couldn't find template in cache for "spark/partials/standard-content.ftl"("en", UTF-8, parsed); will try to load it.
DEBUG main - 2021-09-01 11:42:27.607; - freemarker.cache [mainhread] - TemplateLoader.findTemplateSource("spark/partials/standard-content_en.ftl"): Not found
DEBUG main - 2021-09-01 11:42:27.609; - freemarker.cache [mainhread] - TemplateLoader.findTemplateSource("spark/partials/standard-content.ftl"): Found
DEBUG main - 2021-09-01 11:42:27.609; - freemarker.cache [mainhread] - Loading template for "spark/partials/standard-content.ftl"("en", UTF-8, parsed) from "jar:file:/C:/Users/Sumit%20kalra/.m2/repository/com/aventstack/extentreports/4.0.9/extentreports-4.0.9.jar!/com/aventstack/extentreports/view/spark/partials/standard-content.ftl"
DEBUG main - 2021-09-01 11:42:27.616; - freemarker.cache [mainhread] - Couldn't find template in cache for "spark/partials/scripts.ftl"("en", UTF-8, parsed); will try to load it.
DEBUG main - 2021-09-01 11:42:27.617; - freemarker.cache [mainhread] - TemplateLoader.findTemplateSource("spark/partials/scripts_en.ftl"): Not found
DEBUG main - 2021-09-01 11:42:27.618; - freemarker.cache [mainhread] - TemplateLoader.findTemplateSource("spark/partials/scripts.ftl"): Found
DEBUG main - 2021-09-01 11:42:27.619; - freemarker.cache [mainhread] - Loading template for "spark/partials/scripts.ftl"("en", UTF-8, parsed) from "jar:file:/C:/Users/Sumit%20kalra/.m2/repository/com/aventstack/extentreports/4.0.9/extentreports-4.0.9.jar!/com/aventstack/extentreports/view/spark/partials/scripts.ftl"
DEBUG main - 2021-09-01 11:42:27.625; - freemarker.cache [mainhread] - Couldn't find template in cache for "spark/dashboard.ftl"("en", UTF-8, parsed); will try to load it.
DEBUG main - 2021-09-01 11:42:27.626; - freemarker.cache [mainhread] - TemplateLoader.findTemplateSource("spark/dashboard_en.ftl"): Not found
DEBUG main - 2021-09-01 11:42:27.627; - freemarker.cache [mainhread] - TemplateLoader.findTemplateSource("spark/dashboard.ftl"): Found
DEBUG main - 2021-09-01 11:42:27.628; - freemarker.cache [mainhread] - Loading template for "spark/dashboard.ftl"("en", UTF-8, parsed) from "jar:file:/C:/Users/Sumit%20kalra/.m2/repository/com/aventstack/extentreports/4.0.9/extentreports-4.0.9.jar!/com/aventstack/extentreports/view/spark/dashboard.ftl"
DEBUG main - 2021-09-01 11:42:27.667; - freemarker.cache [mainhread] - Couldn't find template in cache for "commons/commons-variables.ftl"("en", UTF-8, parsed); will try to load it.
DEBUG main - 2021-09-01 11:42:27.668; - freemarker.cache [mainhread] - TemplateLoader.findTemplateSource("commons/commons-variables_en.ftl"): Not found
DEBUG main - 2021-09-01 11:42:27.669; - freemarker.cache [mainhread] - TemplateLoader.findTemplateSource("commons/commons-variables.ftl"): Found
DEBUG main - 2021-09-01 11:42:27.670; - freemarker.cache [mainhread] - Loading template for "commons/commons-variables.ftl"("en", UTF-8, parsed) from "jar:file:/C:/Users/Sumit%20kalra/.m2/repository/com/aventstack/extentreports/4.0.9/extentreports-4.0.9.jar!/com/aventstack/extentreports/view/commons/commons-variables.ftl"
DEBUG main - 2021-09-01 11:42:27.683; - freemarker.cache [mainhread] - Couldn't find template in cache for "spark/partials/head.ftl"("en", UTF-8, parsed); will try to load it.
DEBUG main - 2021-09-01 11:42:27.684; - freemarker.cache [mainhread] - TemplateLoader.findTemplateSource("spark/partials/head_en.ftl"): Not found
DEBUG main - 2021-09-01 11:42:27.685; - freemarker.cache [mainhread] - TemplateLoader.findTemplateSource("spark/partials/head.ftl"): Found
DEBUG main - 2021-09-01 11:42:27.686; - freemarker.cache [mainhread] - Loading template for "spark/partials/head.ftl"("en", UTF-8, parsed) from "jar:file:/C:/Users/Sumit%20kalra/.m2/repository/com/aventstack/extentreports/4.0.9/extentreports-4.0.9.jar!/com/aventstack/extentreports/view/spark/partials/head.ftl"
DEBUG main - 2021-09-01 11:42:27.690; - freemarker.cache [mainhread] - Couldn't find template in cache for "commons/commons-inject-css.ftl"("en", UTF-8, parsed); will try to load it.
DEBUG main - 2021-09-01 11:42:27.691; - freemarker.cache [mainhread] - TemplateLoader.findTemplateSource("commons/commons-inject-css_en.ftl"): Not found
DEBUG main - 2021-09-01 11:42:27.692; - freemarker.cache [mainhread] - TemplateLoader.findTemplateSource("commons/commons-inject-css.ftl"): Found
DEBUG main - 2021-09-01 11:42:27.692; - freemarker.cache [mainhread] - Loading template for "commons/commons-inject-css.ftl"("en", UTF-8, parsed) from "jar:file:/C:/Users/Sumit%20kalra/.m2/repository/com/aventstack/extentreports/4.0.9/extentreports-4.0.9.jar!/com/aventstack/extentreports/view/commons/commons-inject-css.ftl"
DEBUG main - 2021-09-01 11:42:27.694; - freemarker.cache [mainhread] - Couldn't find template in cache for "spark/partials/navbar.ftl"("en", UTF-8, parsed); will try to load it.
DEBUG main - 2021-09-01 11:42:27.695; - freemarker.cache [mainhread] - TemplateLoader.findTemplateSource("spark/partials/navbar_en.ftl"): Not found
DEBUG main - 2021-09-01 11:42:27.696; - freemarker.cache [mainhread] - TemplateLoader.findTemplateSource("spark/partials/navbar.ftl"): Found
DEBUG main - 2021-09-01 11:42:27.697; - freemarker.cache [mainhread] - Loading template for "spark/partials/navbar.ftl"("en", UTF-8, parsed) from "jar:file:/C:/Users/Sumit%20kalra/.m2/repository/com/aventstack/extentreports/4.0.9/extentreports-4.0.9.jar!/com/aventstack/extentreports/view/spark/partials/navbar.ftl"
DEBUG main - 2021-09-01 11:42:27.700; - freemarker.cache [mainhread] - Couldn't find template in cache for "spark/partials/sidenav.ftl"("en", UTF-8, parsed); will try to load it.
DEBUG main - 2021-09-01 11:42:27.702; - freemarker.cache [mainhread] - TemplateLoader.findTemplateSource("spark/partials/sidenav_en.ftl"): Not found
DEBUG main - 2021-09-01 11:42:27.703; - freemarker.cache [mainhread] - TemplateLoader.findTemplateSource("spark/partials/sidenav.ftl"): Found
DEBUG main - 2021-09-01 11:42:27.703; - freemarker.cache [mainhread] - Loading template for "spark/partials/sidenav.ftl"("en", UTF-8, parsed) from "jar:file:/C:/Users/Sumit%20kalra/.m2/repository/com/aventstack/extentreports/4.0.9/extentreports-4.0.9.jar!/com/aventstack/extentreports/view/spark/partials/sidenav.ftl"
DEBUG main - 2021-09-01 11:42:27.718; - freemarker.cache [mainhread] - Couldn't find template in cache for "spark/partials/scripts.ftl"("en", UTF-8, parsed); will try to load it.
DEBUG main - 2021-09-01 11:42:27.719; - freemarker.cache [mainhread] - TemplateLoader.findTemplateSource("spark/partials/scripts_en.ftl"): Not found
DEBUG main - 2021-09-01 11:42:27.721; - freemarker.cache [mainhread] - TemplateLoader.findTemplateSource("spark/partials/scripts.ftl"): Found
DEBUG main - 2021-09-01 11:42:27.721; - freemarker.cache [mainhread] - Loading template for "spark/partials/scripts.ftl"("en", UTF-8, parsed) from "jar:file:/C:/Users/Sumit%20kalra/.m2/repository/com/aventstack/extentreports/4.0.9/extentreports-4.0.9.jar!/com/aventstack/extentreports/view/spark/partials/scripts.ftl"
DEBUG main - 2021-09-01 11:42:28.158; - freemarker.cache [mainhread] - Couldn't find template in cache for "v3html/v3-html-index.ftl"("en", UTF-8, parsed); will try to load it.
DEBUG main - 2021-09-01 11:42:28.160; - freemarker.cache [mainhread] - TemplateLoader.findTemplateSource("v3html/v3-html-index_en.ftl"): Not found
DEBUG main - 2021-09-01 11:42:28.162; - freemarker.cache [mainhread] - TemplateLoader.findTemplateSource("v3html/v3-html-index.ftl"): Found
DEBUG main - 2021-09-01 11:42:28.162; - freemarker.cache [mainhread] - Loading template for "v3html/v3-html-index.ftl"("en", UTF-8, parsed) from "jar:file:/C:/Users/Sumit%20kalra/.m2/repository/com/aventstack/extentreports/4.0.9/extentreports-4.0.9.jar!/com/aventstack/extentreports/view/v3html/v3-html-index.ftl"
DEBUG main - 2021-09-01 11:42:28.183; - freemarker.cache [mainhread] - Couldn't find template in cache for "v3html/v3-html-head.ftl"("en", UTF-8, parsed); will try to load it.
DEBUG main - 2021-09-01 11:42:28.184; - freemarker.cache [mainhread] - TemplateLoader.findTemplateSource("v3html/v3-html-head_en.ftl"): Not found
DEBUG main - 2021-09-01 11:42:28.185; - freemarker.cache [mainhread] - TemplateLoader.findTemplateSource("v3html/v3-html-head.ftl"): Found
DEBUG main - 2021-09-01 11:42:28.186; - freemarker.cache [mainhread] - Loading template for "v3html/v3-html-head.ftl"("en", UTF-8, parsed) from "jar:file:/C:/Users/Sumit%20kalra/.m2/repository/com/aventstack/extentreports/4.0.9/extentreports-4.0.9.jar!/com/aventstack/extentreports/view/v3html/v3-html-head.ftl"
DEBUG main - 2021-09-01 11:42:28.191; - freemarker.cache [mainhread] - Couldn't find template in cache for "v3html/v3-html-nav.ftl"("en", UTF-8, parsed); will try to load it.
DEBUG main - 2021-09-01 11:42:28.192; - freemarker.cache [mainhread] - TemplateLoader.findTemplateSource("v3html/v3-html-nav_en.ftl"): Not found
DEBUG main - 2021-09-01 11:42:28.193; - freemarker.cache [mainhread] - TemplateLoader.findTemplateSource("v3html/v3-html-nav.ftl"): Found
DEBUG main - 2021-09-01 11:42:28.194; - freemarker.cache [mainhread] - Loading template for "v3html/v3-html-nav.ftl"("en", UTF-8, parsed) from "jar:file:/C:/Users/Sumit%20kalra/.m2/repository/com/aventstack/extentreports/4.0.9/extentreports-4.0.9.jar!/com/aventstack/extentreports/view/v3html/v3-html-nav.ftl"
DEBUG main - 2021-09-01 11:42:28.199; - freemarker.cache [mainhread] - Couldn't find template in cache for "v3html/test-view/v3-html-test-view.ftl"("en", UTF-8, parsed); will try to load it.
DEBUG main - 2021-09-01 11:42:28.200; - freemarker.cache [mainhread] - TemplateLoader.findTemplateSource("v3html/test-view/v3-html-test-view_en.ftl"): Not found
DEBUG main - 2021-09-01 11:42:28.201; - freemarker.cache [mainhread] - TemplateLoader.findTemplateSource("v3html/test-view/v3-html-test-view.ftl"): Found
DEBUG main - 2021-09-01 11:42:28.201; - freemarker.cache [mainhread] - Loading template for "v3html/test-view/v3-html-test-view.ftl"("en", UTF-8, parsed) from "jar:file:/C:/Users/Sumit%20kalra/.m2/repository/com/aventstack/extentreports/4.0.9/extentreports-4.0.9.jar!/com/aventstack/extentreports/view/v3html/test-view/v3-html-test-view.ftl"
DEBUG main - 2021-09-01 11:42:28.214; - freemarker.cache [mainhread] - Couldn't find template in cache for "v3html/test-view/v3-html-test-view-charts.ftl"("en", UTF-8, parsed); will try to load it.
DEBUG main - 2021-09-01 11:42:28.215; - freemarker.cache [mainhread] - TemplateLoader.findTemplateSource("v3html/test-view/v3-html-test-view-charts_en.ftl"): Not found
DEBUG main - 2021-09-01 11:42:28.216; - freemarker.cache [mainhread] - TemplateLoader.findTemplateSource("v3html/test-view/v3-html-test-view-charts.ftl"): Found
DEBUG main - 2021-09-01 11:42:28.216; - freemarker.cache [mainhread] - Loading template for "v3html/test-view/v3-html-test-view-charts.ftl"("en", UTF-8, parsed) from "jar:file:/C:/Users/Sumit%20kalra/.m2/repository/com/aventstack/extentreports/4.0.9/extentreports-4.0.9.jar!/com/aventstack/extentreports/view/v3html/test-view/v3-html-test-view-charts.ftl"
DEBUG main - 2021-09-01 11:42:28.224; - freemarker.cache [mainhread] - Couldn't find template in cache for "v3html/test-view/v3-html-standard.ftl"("en", UTF-8, parsed); will try to load it.
DEBUG main - 2021-09-01 11:42:28.225; - freemarker.cache [mainhread] - TemplateLoader.findTemplateSource("v3html/test-view/v3-html-standard_en.ftl"): Not found
DEBUG main - 2021-09-01 11:42:28.226; - freemarker.cache [mainhread] - TemplateLoader.findTemplateSource("v3html/test-view/v3-html-standard.ftl"): Found
DEBUG main - 2021-09-01 11:42:28.229; - freemarker.cache [mainhread] - Loading template for "v3html/test-view/v3-html-standard.ftl"("en", UTF-8, parsed) from "jar:file:/C:/Users/Sumit%20kalra/.m2/repository/com/aventstack/extentreports/4.0.9/extentreports-4.0.9.jar!/com/aventstack/extentreports/view/v3html/test-view/v3-html-standard.ftl"
DEBUG main - 2021-09-01 11:42:28.243; - freemarker.cache [mainhread] - Couldn't find template in cache for "v3html/category-view/v3-html-category-view.ftl"("en", UTF-8, parsed); will try to load it.
DEBUG main - 2021-09-01 11:42:28.244; - freemarker.cache [mainhread] - TemplateLoader.findTemplateSource("v3html/category-view/v3-html-category-view_en.ftl"): Not found
DEBUG main - 2021-09-01 11:42:28.245; - freemarker.cache [mainhread] - TemplateLoader.findTemplateSource("v3html/category-view/v3-html-category-view.ftl"): Found
DEBUG main - 2021-09-01 11:42:28.245; - freemarker.cache [mainhread] - Loading template for "v3html/category-view/v3-html-category-view.ftl"("en", UTF-8, parsed) from "jar:file:/C:/Users/Sumit%20kalra/.m2/repository/com/aventstack/extentreports/4.0.9/extentreports-4.0.9.jar!/com/aventstack/extentreports/view/v3html/category-view/v3-html-category-view.ftl"
DEBUG main - 2021-09-01 11:42:28.253; - freemarker.cache [mainhread] - Couldn't find template in cache for "v3html/exception-view/v3-html-exception-view.ftl"("en", UTF-8, parsed); will try to load it.
DEBUG main - 2021-09-01 11:42:28.254; - freemarker.cache [mainhread] - TemplateLoader.findTemplateSource("v3html/exception-view/v3-html-exception-view_en.ftl"): Not found
DEBUG main - 2021-09-01 11:42:28.256; - freemarker.cache [mainhread] - TemplateLoader.findTemplateSource("v3html/exception-view/v3-html-exception-view.ftl"): Found
DEBUG main - 2021-09-01 11:42:28.256; - freemarker.cache [mainhread] - Loading template for "v3html/exception-view/v3-html-exception-view.ftl"("en", UTF-8, parsed) from "jar:file:/C:/Users/Sumit%20kalra/.m2/repository/com/aventstack/extentreports/4.0.9/extentreports-4.0.9.jar!/com/aventstack/extentreports/view/v3html/exception-view/v3-html-exception-view.ftl"
DEBUG main - 2021-09-01 11:42:28.260; - freemarker.cache [mainhread] - Couldn't find template in cache for "v3html/author-view/v3-html-author-view.ftl"("en", UTF-8, parsed); will try to load it.
DEBUG main - 2021-09-01 11:42:28.261; - freemarker.cache [mainhread] - TemplateLoader.findTemplateSource("v3html/author-view/v3-html-author-view_en.ftl"): Not found
DEBUG main - 2021-09-01 11:42:28.262; - freemarker.cache [mainhread] - TemplateLoader.findTemplateSource("v3html/author-view/v3-html-author-view.ftl"): Found
DEBUG main - 2021-09-01 11:42:28.262; - freemarker.cache [mainhread] - Loading template for "v3html/author-view/v3-html-author-view.ftl"("en", UTF-8, parsed) from "jar:file:/C:/Users/Sumit%20kalra/.m2/repository/com/aventstack/extentreports/4.0.9/extentreports-4.0.9.jar!/com/aventstack/extentreports/view/v3html/author-view/v3-html-author-view.ftl"
DEBUG main - 2021-09-01 11:42:28.269; - freemarker.cache [mainhread] - Couldn't find template in cache for "v3html/dashboard-view/v3-html-dashboard-view.ftl"("en", UTF-8, parsed); will try to load it.
DEBUG main - 2021-09-01 11:42:28.270; - freemarker.cache [mainhread] - TemplateLoader.findTemplateSource("v3html/dashboard-view/v3-html-dashboard-view_en.ftl"): Not found
DEBUG main - 2021-09-01 11:42:28.272; - freemarker.cache [mainhread] - TemplateLoader.findTemplateSource("v3html/dashboard-view/v3-html-dashboard-view.ftl"): Found
DEBUG main - 2021-09-01 11:42:28.272; - freemarker.cache [mainhread] - Loading template for "v3html/dashboard-view/v3-html-dashboard-view.ftl"("en", UTF-8, parsed) from "jar:file:/C:/Users/Sumit%20kalra/.m2/repository/com/aventstack/extentreports/4.0.9/extentreports-4.0.9.jar!/com/aventstack/extentreports/view/v3html/dashboard-view/v3-html-dashboard-view.ftl"
DEBUG main - 2021-09-01 11:42:28.283; - freemarker.cache [mainhread] - Couldn't find template in cache for "v3html/logs-view/v3-html-testrunner-logs-view.ftl"("en", UTF-8, parsed); will try to load it.
DEBUG main - 2021-09-01 11:42:28.284; - freemarker.cache [mainhread] - TemplateLoader.findTemplateSource("v3html/logs-view/v3-html-testrunner-logs-view_en.ftl"): Not found
DEBUG main - 2021-09-01 11:42:28.286; - freemarker.cache [mainhread] - TemplateLoader.findTemplateSource("v3html/logs-view/v3-html-testrunner-logs-view.ftl"): Found
DEBUG main - 2021-09-01 11:42:28.286; - freemarker.cache [mainhread] - Loading template for "v3html/logs-view/v3-html-testrunner-logs-view.ftl"("en", UTF-8, parsed) from "jar:file:/C:/Users/Sumit%20kalra/.m2/repository/com/aventstack/extentreports/4.0.9/extentreports-4.0.9.jar!/com/aventstack/extentreports/view/v3html/logs-view/v3-html-testrunner-logs-view.ftl"
